2018-05-24 21:21:38,480 CRIT Supervisor running as root (no user in config file)
2018-05-24 21:21:38,480 WARN Included extra file "/etc/supervisor/conf.d/supervisord.conf" during parsing
2018-05-24 21:21:38,543 INFO RPC interface 'supervisor' initialized
2018-05-24 21:21:38,543 CRIT Server 'unix_http_server' running without any HTTP authentication checking
2018-05-24 21:21:38,544 INFO supervisord started with pid 1
2018-05-24 21:21:39,549 INFO spawned: 'varnishd' with pid 13
2018-05-24 21:21:39,558 INFO spawned: 'php-fpm' with pid 14
2018-05-24 21:21:39,568 INFO spawned: 'varnish-plugins-watcher' with pid 15
2018-05-24 21:21:39,576 INFO spawned: 'nginx' with pid 16
2018-05-24 21:21:39,598 INFO spawned: 'MailHog' with pid 17
2018-05-24 21:21:39,604 INFO spawned: 'mysql' with pid 18
2018-05-24 21:21:39,608 INFO spawned: 'varnish-themes-watcher' with pid 21
2018-05-24 21:21:41,363 INFO success: varnishd entered RUNNING state, process has stayed up for > than 1 seconds (startsecs)
2018-05-24 21:21:41,363 INFO success: php-fpm entered RUNNING state, process has stayed up for > than 1 seconds (startsecs)
2018-05-24 21:21:41,364 INFO success: varnish-plugins-watcher entered RUNNING state, process has stayed up for > than 1 seconds (startsecs)
2018-05-24 21:21:41,364 INFO success: nginx entered RUNNING state, process has stayed up for > than 1 seconds (startsecs)
2018-05-24 21:21:41,365 INFO success: MailHog entered RUNNING state, process has stayed up for > than 1 seconds (startsecs)
2018-05-24 21:21:41,365 INFO success: mysql entered RUNNING state, process has stayed up for > than 1 seconds (startsecs)
2018-05-24 21:21:41,366 INFO success: varnish-themes-watcher entered RUNNING state, process has stayed up for > than 1 seconds (startsecs)
2018-05-24 22:33:57,750 WARN received SIGTERM indicating exit request
2018-05-24 22:33:57,750 INFO waiting for varnishd, php-fpm, varnish-plugins-watcher, nginx, MailHog, mysql, varnish-themes-watcher to die
2018-05-24 22:33:58,753 INFO stopped: varnish-themes-watcher (terminated by SIGTERM)
2018-05-24 22:33:58,765 INFO stopped: mysql (exit status 0)
2018-05-24 22:33:58,768 INFO stopped: MailHog (terminated by SIGTERM)
2018-05-24 22:33:58,775 INFO stopped: nginx (exit status 0)
2018-05-24 22:33:59,779 INFO stopped: varnish-plugins-watcher (terminated by SIGTERM)
2018-05-24 22:33:59,792 INFO stopped: php-fpm (exit status 0)
2018-05-24 22:34:00,411 CRIT reaped unknown pid 22)
2018-05-24 22:34:00,798 INFO waiting for varnishd to die
2018-05-24 22:34:00,882 INFO stopped: varnishd (exit status 0)
2018-05-24 22:34:07,352 CRIT Supervisor running as root (no user in config file)
2018-05-24 22:34:07,357 WARN Included extra file "/etc/supervisor/conf.d/supervisord.conf" during parsing
2018-05-24 22:34:07,562 INFO RPC interface 'supervisor' initialized
2018-05-24 22:34:07,564 CRIT Server 'unix_http_server' running without any HTTP authentication checking
2018-05-24 22:34:07,564 INFO supervisord started with pid 1
2018-05-24 22:34:08,575 INFO spawned: 'varnishd' with pid 28
2018-05-24 22:34:08,590 INFO spawned: 'php-fpm' with pid 29
2018-05-24 22:34:08,602 INFO spawned: 'varnish-plugins-watcher' with pid 30
2018-05-24 22:34:08,619 INFO spawned: 'nginx' with pid 31
2018-05-24 22:34:08,635 INFO spawned: 'MailHog' with pid 32
2018-05-24 22:34:08,647 INFO spawned: 'mysql' with pid 33
2018-05-24 22:34:08,651 INFO spawned: 'varnish-themes-watcher' with pid 34
2018-05-24 22:34:09,961 INFO success: varnishd entered RUNNING state, process has stayed up for > than 1 seconds (startsecs)
2018-05-24 22:34:09,962 INFO success: php-fpm entered RUNNING state, process has stayed up for > than 1 seconds (startsecs)
2018-05-24 22:34:09,962 INFO success: varnish-plugins-watcher entered RUNNING state, process has stayed up for > than 1 seconds (startsecs)
2018-05-24 22:34:09,963 INFO success: nginx entered RUNNING state, process has stayed up for > than 1 seconds (startsecs)
2018-05-24 22:34:09,963 INFO success: MailHog entered RUNNING state, process has stayed up for > than 1 seconds (startsecs)
2018-05-24 22:34:09,964 INFO success: mysql entered RUNNING state, process has stayed up for > than 1 seconds (startsecs)
2018-05-24 22:34:09,964 INFO success: varnish-themes-watcher entered RUNNING state, process has stayed up for > than 1 seconds (startsecs)
2018-05-24 23:10:44,912 WARN received SIGTERM indicating exit request
2018-05-24 23:10:44,913 INFO waiting for varnishd, php-fpm, varnish-plugins-watcher, nginx, MailHog, mysql, varnish-themes-watcher to die
2018-05-24 23:10:45,915 INFO stopped: varnish-themes-watcher (terminated by SIGTERM)
2018-05-24 23:10:45,925 INFO stopped: mysql (exit status 0)
2018-05-24 23:10:45,928 INFO stopped: MailHog (terminated by SIGTERM)
2018-05-24 23:10:45,936 INFO stopped: nginx (exit status 0)
2018-05-24 23:10:46,940 INFO stopped: varnish-plugins-watcher (terminated by SIGTERM)
2018-05-24 23:10:46,958 INFO stopped: php-fpm (exit status 0)
2018-05-24 23:10:47,671 CRIT reaped unknown pid 37)
2018-05-24 23:10:47,965 INFO waiting for varnishd to die
2018-05-24 23:10:48,067 INFO stopped: varnishd (exit status 0)
2018-05-24 23:10:52,901 CRIT Supervisor running as root (no user in config file)
2018-05-24 23:10:52,901 WARN Included extra file "/etc/supervisor/conf.d/supervisord.conf" during parsing
2018-05-24 23:10:52,971 INFO RPC interface 'supervisor' initialized
2018-05-24 23:10:52,971 CRIT Server 'unix_http_server' running without any HTTP authentication checking
2018-05-24 23:10:52,972 INFO supervisord started with pid 1
2018-05-24 23:10:54,006 INFO spawned: 'varnishd' with pid 28
2018-05-24 23:10:54,015 INFO spawned: 'php-fpm' with pid 29
2018-05-24 23:10:54,084 INFO spawned: 'varnish-plugins-watcher' with pid 30
2018-05-24 23:10:54,095 INFO spawned: 'nginx' with pid 31
2018-05-24 23:10:54,154 INFO spawned: 'MailHog' with pid 36
2018-05-24 23:10:54,266 INFO spawned: 'mysql' with pid 39
2018-05-24 23:10:54,272 INFO spawned: 'varnish-themes-watcher' with pid 40
2018-05-24 23:10:55,497 INFO success: varnishd entered RUNNING state, process has stayed up for > than 1 seconds (startsecs)
2018-05-24 23:10:55,498 INFO success: php-fpm entered RUNNING state, process has stayed up for > than 1 seconds (startsecs)
2018-05-24 23:10:55,499 INFO success: varnish-plugins-watcher entered RUNNING state, process has stayed up for > than 1 seconds (startsecs)
2018-05-24 23:10:55,499 INFO success: nginx entered RUNNING state, process has stayed up for > than 1 seconds (startsecs)
2018-05-24 23:10:55,499 INFO success: MailHog entered RUNNING state, process has stayed up for > than 1 seconds (startsecs)
2018-05-24 23:10:55,499 INFO success: mysql entered RUNNING state, process has stayed up for > than 1 seconds (startsecs)
2018-05-24 23:10:55,500 INFO success: varnish-themes-watcher entered RUNNING state, process has stayed up for > than 1 seconds (startsecs)
2018-05-28 01:24:36,980 WARN received SIGTERM indicating exit request
2018-05-28 01:24:37,192 INFO waiting for varnishd, php-fpm, varnish-plugins-watcher, nginx, MailHog, mysql, varnish-themes-watcher to die
2018-05-28 01:24:38,258 INFO stopped: varnish-themes-watcher (terminated by SIGTERM)
2018-05-28 01:24:38,329 INFO stopped: mysql (exit status 0)
2018-05-28 01:24:38,621 INFO stopped: MailHog (terminated by SIGTERM)
2018-05-28 01:24:38,769 INFO stopped: nginx (exit status 0)
2018-05-28 01:24:39,772 INFO stopped: varnish-plugins-watcher (terminated by SIGTERM)
2018-05-28 01:24:39,809 INFO stopped: php-fpm (exit status 0)
2018-05-28 01:24:40,814 INFO waiting for varnishd to die
2018-05-28 01:24:40,921 INFO stopped: varnishd (exit status 0)
2018-05-28 01:24:48,685 CRIT Supervisor running as root (no user in config file)
2018-05-28 01:24:48,686 WARN Included extra file "/etc/supervisor/conf.d/supervisord.conf" during parsing
2018-05-28 01:24:49,427 INFO RPC interface 'supervisor' initialized
2018-05-28 01:24:49,449 CRIT Server 'unix_http_server' running without any HTTP authentication checking
2018-05-28 01:24:49,450 INFO supervisord started with pid 1
2018-05-28 01:24:50,558 INFO spawned: 'varnishd' with pid 28
2018-05-28 01:24:50,759 INFO spawned: 'php-fpm' with pid 29
2018-05-28 01:24:50,766 INFO spawned: 'varnish-plugins-watcher' with pid 30
2018-05-28 01:24:50,775 INFO spawned: 'nginx' with pid 31
2018-05-28 01:24:50,783 INFO spawned: 'MailHog' with pid 32
2018-05-28 01:24:50,794 INFO spawned: 'mysql' with pid 33
2018-05-28 01:24:50,860 INFO spawned: 'varnish-themes-watcher' with pid 34
2018-05-28 01:24:51,762 INFO success: varnishd entered RUNNING state, process has stayed up for > than 1 seconds (startsecs)
2018-05-28 01:24:51,762 INFO success: php-fpm entered RUNNING state, process has stayed up for > than 1 seconds (startsecs)
2018-05-28 01:24:51,763 INFO success: varnish-plugins-watcher entered RUNNING state, process has stayed up for > than 1 seconds (startsecs)
2018-05-28 01:24:52,766 INFO success: nginx entered RUNNING state, process has stayed up for > than 1 seconds (startsecs)
2018-05-28 01:24:52,767 INFO success: MailHog entered RUNNING state, process has stayed up for > than 1 seconds (startsecs)
2018-05-28 01:24:52,767 INFO success: mysql entered RUNNING state, process has stayed up for > than 1 seconds (startsecs)
2018-05-28 01:24:52,767 INFO success: varnish-themes-watcher entered RUNNING state, process has stayed up for > than 1 seconds (startsecs)
2018-05-28 02:22:06,625 WARN received SIGTERM indicating exit request
2018-05-28 02:22:06,626 INFO waiting for varnishd, php-fpm, varnish-plugins-watcher, nginx, MailHog, mysql, varnish-themes-watcher to die
2018-05-28 02:22:07,629 INFO stopped: varnish-themes-watcher (terminated by SIGTERM)
2018-05-28 02:22:07,636 INFO stopped: mysql (exit status 0)
2018-05-28 02:22:07,639 INFO stopped: MailHog (terminated by SIGTERM)
2018-05-28 02:22:07,649 INFO stopped: nginx (exit status 0)
2018-05-28 02:22:08,652 INFO stopped: varnish-plugins-watcher (terminated by SIGTERM)
2018-05-28 02:22:08,669 INFO stopped: php-fpm (exit status 0)
2018-05-28 02:22:09,675 INFO waiting for varnishd to die
2018-05-28 02:22:09,688 CRIT reaped unknown pid 36)
2018-05-28 02:22:09,767 INFO stopped: varnishd (exit status 0)
2018-05-28 02:22:13,771 CRIT Supervisor running as root (no user in config file)
2018-05-28 02:22:13,772 WARN Included extra file "/etc/supervisor/conf.d/supervisord.conf" during parsing
2018-05-28 02:22:13,851 INFO RPC interface 'supervisor' initialized
2018-05-28 02:22:13,854 CRIT Server 'unix_http_server' running without any HTTP authentication checking
2018-05-28 02:22:13,855 INFO supervisord started with pid 1
2018-05-28 02:22:14,869 INFO spawned: 'varnishd' with pid 28
2018-05-28 02:22:14,887 INFO spawned: 'php-fpm' with pid 29
2018-05-28 02:22:14,901 INFO spawned: 'varnish-plugins-watcher' with pid 30
2018-05-28 02:22:14,914 INFO spawned: 'nginx' with pid 31
2018-05-28 02:22:14,932 INFO spawned: 'MailHog' with pid 32
2018-05-28 02:22:14,941 INFO spawned: 'mysql' with pid 33
2018-05-28 02:22:14,946 INFO spawned: 'varnish-themes-watcher' with pid 34
2018-05-28 02:22:16,520 INFO success: varnishd entered RUNNING state, process has stayed up for > than 1 seconds (startsecs)
2018-05-28 02:22:16,520 INFO success: php-fpm entered RUNNING state, process has stayed up for > than 1 seconds (startsecs)
2018-05-28 02:22:16,521 INFO success: varnish-plugins-watcher entered RUNNING state, process has stayed up for > than 1 seconds (startsecs)
2018-05-28 02:22:16,521 INFO success: nginx entered RUNNING state, process has stayed up for > than 1 seconds (startsecs)
2018-05-28 02:22:16,522 INFO success: MailHog entered RUNNING state, process has stayed up for > than 1 seconds (startsecs)
2018-05-28 02:22:16,522 INFO success: mysql entered RUNNING state, process has stayed up for > than 1 seconds (startsecs)
2018-05-28 02:22:16,523 INFO success: varnish-themes-watcher entered RUNNING state, process has stayed up for > than 1 seconds (startsecs)
2018-05-28 03:00:31,097 WARN received SIGTERM indicating exit request
2018-05-28 03:00:31,162 INFO waiting for varnishd, php-fpm, varnish-plugins-watcher, nginx, MailHog, mysql, varnish-themes-watcher to die
2018-05-28 03:00:32,251 INFO stopped: varnish-themes-watcher (terminated by SIGTERM)
2018-05-28 03:00:33,570 INFO stopped: mysql (exit status 0)
2018-05-28 03:00:33,681 INFO stopped: MailHog (terminated by SIGTERM)
2018-05-28 03:00:34,621 INFO waiting for varnishd, php-fpm, varnish-plugins-watcher, nginx to die
2018-05-28 03:00:35,623 INFO stopped: nginx (exit status 0)
2018-05-28 03:00:36,357 INFO stopped: varnish-plugins-watcher (terminated by SIGTERM)
2018-05-28 03:00:36,357 CRIT reaped unknown pid 44)
2018-05-28 03:00:37,324 INFO stopped: php-fpm (exit status 0)
2018-05-28 03:00:38,501 INFO waiting for varnishd to die
2018-05-28 03:00:39,140 INFO stopped: varnishd (exit status 0)
2018-05-28 03:02:22,580 CRIT Supervisor running as root (no user in config file)
2018-05-28 03:02:22,581 WARN Included extra file "/etc/supervisor/conf.d/supervisord.conf" during parsing
2018-05-28 03:02:23,289 INFO RPC interface 'supervisor' initialized
2018-05-28 03:02:23,289 CRIT Server 'unix_http_server' running without any HTTP authentication checking
2018-05-28 03:02:23,290 INFO supervisord started with pid 1
2018-05-28 03:02:24,301 INFO spawned: 'varnishd' with pid 48
2018-05-28 03:02:24,328 INFO spawned: 'php-fpm' with pid 49
2018-05-28 03:02:24,342 INFO spawned: 'varnish-plugins-watcher' with pid 50
2018-05-28 03:02:24,368 INFO spawned: 'nginx' with pid 51
2018-05-28 03:02:24,377 INFO spawned: 'MailHog' with pid 52
2018-05-28 03:02:24,388 INFO spawned: 'mysql' with pid 53
2018-05-28 03:02:24,395 INFO spawned: 'varnish-themes-watcher' with pid 54
2018-05-28 03:02:25,292 INFO success: varnishd entered RUNNING state, process has stayed up for > than 1 seconds (startsecs)
2018-05-28 03:02:25,310 INFO success: php-fpm entered RUNNING state, process has stayed up for > than 1 seconds (startsecs)
2018-05-28 03:02:25,354 INFO success: varnish-plugins-watcher entered RUNNING state, process has stayed up for > than 1 seconds (startsecs)
2018-05-28 03:02:25,354 INFO success: nginx entered RUNNING state, process has stayed up for > than 1 seconds (startsecs)
2018-05-28 03:02:26,358 INFO success: MailHog entered RUNNING state, process has stayed up for > than 1 seconds (startsecs)
2018-05-28 03:02:26,358 INFO success: mysql entered RUNNING state, process has stayed up for > than 1 seconds (startsecs)
2018-05-28 03:02:26,359 INFO success: varnish-themes-watcher entered RUNNING state, process has stayed up for > than 1 seconds (startsecs)
2018-05-28 03:44:59,390 WARN received SIGTERM indicating exit request
2018-05-28 03:44:59,426 INFO waiting for varnishd, php-fpm, varnish-plugins-watcher, nginx, MailHog, mysql, varnish-themes-watcher to die
2018-05-28 03:45:00,438 INFO stopped: varnish-themes-watcher (terminated by SIGTERM)
2018-05-28 03:45:00,731 INFO stopped: mysql (exit status 0)
2018-05-28 03:45:00,733 INFO stopped: MailHog (terminated by SIGTERM)
2018-05-28 03:45:00,860 INFO stopped: nginx (exit status 0)
2018-05-28 03:45:01,863 INFO stopped: varnish-plugins-watcher (terminated by SIGTERM)
2018-05-28 03:45:02,610 INFO stopped: php-fpm (exit status 0)
2018-05-28 03:45:02,612 INFO waiting for varnishd to die
2018-05-28 03:45:02,713 CRIT reaped unknown pid 57)
2018-05-28 03:45:03,914 INFO stopped: varnishd (exit status 0)
2018-05-28 03:45:14,526 CRIT Supervisor running as root (no user in config file)
2018-05-28 03:45:14,527 WARN Included extra file "/etc/supervisor/conf.d/supervisord.conf" during parsing
2018-05-28 03:45:14,921 INFO RPC interface 'supervisor' initialized
2018-05-28 03:45:14,921 CRIT Server 'unix_http_server' running without any HTTP authentication checking
2018-05-28 03:45:14,968 INFO supervisord started with pid 1
2018-05-28 03:45:16,012 INFO spawned: 'varnishd' with pid 28
2018-05-28 03:45:16,067 INFO spawned: 'php-fpm' with pid 29
2018-05-28 03:45:16,077 INFO spawned: 'varnish-plugins-watcher' with pid 30
2018-05-28 03:45:16,093 INFO spawned: 'nginx' with pid 31
2018-05-28 03:45:16,099 INFO spawned: 'MailHog' with pid 32
2018-05-28 03:45:16,105 INFO spawned: 'mysql' with pid 33
2018-05-28 03:45:16,110 INFO spawned: 'varnish-themes-watcher' with pid 34
2018-05-28 03:45:17,641 INFO success: varnishd entered RUNNING state, process has stayed up for > than 1 seconds (startsecs)
2018-05-28 03:45:17,642 INFO success: php-fpm entered RUNNING state, process has stayed up for > than 1 seconds (startsecs)
2018-05-28 03:45:17,642 INFO success: varnish-plugins-watcher entered RUNNING state, process has stayed up for > than 1 seconds (startsecs)
2018-05-28 03:45:17,642 INFO success: nginx entered RUNNING state, process has stayed up for > than 1 seconds (startsecs)
2018-05-28 03:45:17,643 INFO success: MailHog entered RUNNING state, process has stayed up for > than 1 seconds (startsecs)
2018-05-28 03:45:17,643 INFO success: mysql entered RUNNING state, process has stayed up for > than 1 seconds (startsecs)
2018-05-28 03:45:17,643 INFO success: varnish-themes-watcher entered RUNNING state, process has stayed up for > than 1 seconds (startsecs)
2018-05-28 23:05:46,203 CRIT Supervisor running as root (no user in config file)
2018-05-28 23:05:46,260 WARN Included extra file "/etc/supervisor/conf.d/supervisord.conf" during parsing
2018-05-28 23:05:46,713 INFO RPC interface 'supervisor' initialized
2018-05-28 23:05:46,713 CRIT Server 'unix_http_server' running without any HTTP authentication checking
2018-05-28 23:05:46,714 INFO supervisord started with pid 1
2018-05-28 23:05:47,724 INFO spawned: 'varnishd' with pid 7
2018-05-28 23:05:47,783 INFO spawned: 'php-fpm' with pid 8
2018-05-28 23:05:47,788 INFO spawned: 'varnish-plugins-watcher' with pid 9
2018-05-28 23:05:47,799 INFO spawned: 'nginx' with pid 10
2018-05-28 23:05:47,806 INFO spawned: 'MailHog' with pid 11
2018-05-28 23:05:47,816 INFO spawned: 'mysql' with pid 12
2018-05-28 23:05:47,840 INFO spawned: 'varnish-themes-watcher' with pid 13
2018-05-28 23:05:49,065 INFO success: varnishd entered RUNNING state, process has stayed up for > than 1 seconds (startsecs)
2018-05-28 23:05:49,065 INFO success: php-fpm entered RUNNING state, process has stayed up for > than 1 seconds (startsecs)
2018-05-28 23:05:49,067 INFO success: varnish-plugins-watcher entered RUNNING state, process has stayed up for > than 1 seconds (startsecs)
2018-05-28 23:05:49,067 INFO success: nginx entered RUNNING state, process has stayed up for > than 1 seconds (startsecs)
2018-05-28 23:05:49,068 INFO success: MailHog entered RUNNING state, process has stayed up for > than 1 seconds (startsecs)
2018-05-28 23:05:49,069 INFO success: mysql entered RUNNING state, process has stayed up for > than 1 seconds (startsecs)
2018-05-28 23:05:49,070 INFO success: varnish-themes-watcher entered RUNNING state, process has stayed up for > than 1 seconds (startsecs)
2018-05-28 23:36:07,910 WARN received SIGTERM indicating exit request
2018-05-28 23:36:07,911 INFO waiting for varnishd, php-fpm, varnish-plugins-watcher, nginx, MailHog, mysql, varnish-themes-watcher to die
2018-05-28 23:36:08,914 INFO stopped: varnish-themes-watcher (terminated by SIGTERM)
2018-05-28 23:36:08,926 INFO stopped: mysql (exit status 0)
2018-05-28 23:36:08,929 INFO stopped: MailHog (terminated by SIGTERM)
2018-05-28 23:36:08,967 INFO stopped: nginx (exit status 0)
2018-05-28 23:36:09,970 INFO stopped: varnish-plugins-watcher (terminated by SIGTERM)
2018-05-28 23:36:09,985 INFO stopped: php-fpm (exit status 0)
2018-05-28 23:36:10,506 CRIT reaped unknown pid 14)
2018-05-28 23:36:10,990 INFO waiting for varnishd to die
2018-05-28 23:36:11,063 INFO stopped: varnishd (exit status 0)
2018-05-28 23:36:14,110 CRIT Supervisor running as root (no user in config file)
2018-05-28 23:36:14,112 WARN Included extra file "/etc/supervisor/conf.d/supervisord.conf" during parsing
2018-05-28 23:36:14,233 INFO RPC interface 'supervisor' initialized
2018-05-28 23:36:14,236 CRIT Server 'unix_http_server' running without any HTTP authentication checking
2018-05-28 23:36:14,237 INFO supervisord started with pid 1
2018-05-28 23:36:15,349 INFO spawned: 'varnishd' with pid 28
2018-05-28 23:36:15,404 INFO spawned: 'php-fpm' with pid 29
2018-05-28 23:36:15,411 INFO spawned: 'varnish-plugins-watcher' with pid 30
2018-05-28 23:36:15,424 INFO spawned: 'nginx' with pid 31
2018-05-28 23:36:15,456 INFO spawned: 'MailHog' with pid 32
2018-05-28 23:36:15,464 INFO spawned: 'mysql' with pid 33
2018-05-28 23:36:15,481 INFO spawned: 'varnish-themes-watcher' with pid 34
2018-05-28 23:36:16,731 INFO success: varnishd entered RUNNING state, process has stayed up for > than 1 seconds (startsecs)
2018-05-28 23:36:16,732 INFO success: php-fpm entered RUNNING state, process has stayed up for > than 1 seconds (startsecs)
2018-05-28 23:36:16,733 INFO success: varnish-plugins-watcher entered RUNNING state, process has stayed up for > than 1 seconds (startsecs)
2018-05-28 23:36:16,733 INFO success: nginx entered RUNNING state, process has stayed up for > than 1 seconds (startsecs)
2018-05-28 23:36:16,734 INFO success: MailHog entered RUNNING state, process has stayed up for > than 1 seconds (startsecs)
2018-05-28 23:36:16,735 INFO success: mysql entered RUNNING state, process has stayed up for > than 1 seconds (startsecs)
2018-05-28 23:36:16,736 INFO success: varnish-themes-watcher entered RUNNING state, process has stayed up for > than 1 seconds (startsecs)
2018-05-28 23:58:21,479 WARN received SIGTERM indicating exit request
2018-05-28 23:58:21,479 INFO waiting for varnishd, php-fpm, varnish-plugins-watcher, nginx, MailHog, mysql, varnish-themes-watcher to die
2018-05-28 23:58:22,482 INFO stopped: varnish-themes-watcher (terminated by SIGTERM)
2018-05-28 23:58:22,493 INFO stopped: mysql (exit status 0)
2018-05-28 23:58:22,496 INFO stopped: MailHog (terminated by SIGTERM)
2018-05-28 23:58:22,506 INFO stopped: nginx (exit status 0)
2018-05-28 23:58:23,509 INFO stopped: varnish-plugins-watcher (terminated by SIGTERM)
2018-05-28 23:58:23,524 INFO stopped: php-fpm (exit status 0)
2018-05-28 23:58:24,289 CRIT reaped unknown pid 43)
2018-05-28 23:58:24,535 INFO waiting for varnishd to die
2018-05-28 23:58:24,632 INFO stopped: varnishd (exit status 0)
2018-05-28 23:58:27,671 CRIT Supervisor running as root (no user in config file)
2018-05-28 23:58:27,672 WARN Included extra file "/etc/supervisor/conf.d/supervisord.conf" during parsing
2018-05-28 23:58:27,892 INFO RPC interface 'supervisor' initialized
2018-05-28 23:58:27,898 CRIT Server 'unix_http_server' running without any HTTP authentication checking
2018-05-28 23:58:27,899 INFO supervisord started with pid 1
2018-05-28 23:58:28,904 INFO spawned: 'varnishd' with pid 28
2018-05-28 23:58:28,914 INFO spawned: 'php-fpm' with pid 29
2018-05-28 23:58:28,921 INFO spawned: 'varnish-plugins-watcher' with pid 30
2018-05-28 23:58:28,934 INFO spawned: 'nginx' with pid 31
2018-05-28 23:58:28,945 INFO spawned: 'MailHog' with pid 32
2018-05-28 23:58:28,954 INFO spawned: 'mysql' with pid 33
2018-05-28 23:58:28,961 INFO spawned: 'varnish-themes-watcher' with pid 34
2018-05-28 23:58:30,191 INFO success: varnishd entered RUNNING state, process has stayed up for > than 1 seconds (startsecs)
2018-05-28 23:58:30,192 INFO success: php-fpm entered RUNNING state, process has stayed up for > than 1 seconds (startsecs)
2018-05-28 23:58:30,193 INFO success: varnish-plugins-watcher entered RUNNING state, process has stayed up for > than 1 seconds (startsecs)
2018-05-28 23:58:30,194 INFO success: nginx entered RUNNING state, process has stayed up for > than 1 seconds (startsecs)
2018-05-28 23:58:30,194 INFO success: MailHog entered RUNNING state, process has stayed up for > than 1 seconds (startsecs)
2018-05-28 23:58:30,195 INFO success: mysql entered RUNNING state, process has stayed up for > than 1 seconds (startsecs)
2018-05-28 23:58:30,196 INFO success: varnish-themes-watcher entered RUNNING state, process has stayed up for > than 1 seconds (startsecs)
2018-05-29 00:36:47,895 WARN received SIGTERM indicating exit request
2018-05-29 00:36:47,895 INFO waiting for varnishd, php-fpm, varnish-plugins-watcher, nginx, MailHog, mysql, varnish-themes-watcher to die
2018-05-29 00:36:48,899 INFO stopped: varnish-themes-watcher (terminated by SIGTERM)
2018-05-29 00:36:48,907 INFO stopped: mysql (exit status 0)
2018-05-29 00:36:48,909 INFO stopped: MailHog (terminated by SIGTERM)
2018-05-29 00:36:48,915 INFO stopped: nginx (exit status 0)
2018-05-29 00:36:49,918 INFO stopped: varnish-plugins-watcher (terminated by SIGTERM)
2018-05-29 00:36:49,931 INFO stopped: php-fpm (exit status 0)
2018-05-29 00:36:50,488 CRIT reaped unknown pid 43)
2018-05-29 00:36:50,936 INFO waiting for varnishd to die
2018-05-29 00:36:51,059 INFO stopped: varnishd (exit status 0)
2018-05-29 00:36:52,910 CRIT Supervisor running as root (no user in config file)
2018-05-29 00:36:52,912 WARN Included extra file "/etc/supervisor/conf.d/supervisord.conf" during parsing
2018-05-29 00:36:53,079 INFO RPC interface 'supervisor' initialized
2018-05-29 00:36:53,079 CRIT Server 'unix_http_server' running without any HTTP authentication checking
2018-05-29 00:36:53,108 INFO supervisord started with pid 1
2018-05-29 00:36:54,120 INFO spawned: 'varnishd' with pid 28
2018-05-29 00:36:54,128 INFO spawned: 'php-fpm' with pid 29
2018-05-29 00:36:54,134 INFO spawned: 'varnish-plugins-watcher' with pid 30
2018-05-29 00:36:54,143 INFO spawned: 'nginx' with pid 31
2018-05-29 00:36:54,154 INFO spawned: 'MailHog' with pid 32
2018-05-29 00:36:54,163 INFO spawned: 'mysql' with pid 33
2018-05-29 00:36:54,169 INFO spawned: 'varnish-themes-watcher' with pid 34
2018-05-29 00:36:55,420 INFO success: varnishd entered RUNNING state, process has stayed up for > than 1 seconds (startsecs)
2018-05-29 00:36:55,420 INFO success: php-fpm entered RUNNING state, process has stayed up for > than 1 seconds (startsecs)
2018-05-29 00:36:55,421 INFO success: varnish-plugins-watcher entered RUNNING state, process has stayed up for > than 1 seconds (startsecs)
2018-05-29 00:36:55,422 INFO success: nginx entered RUNNING state, process has stayed up for > than 1 seconds (startsecs)
2018-05-29 00:36:55,423 INFO success: MailHog entered RUNNING state, process has stayed up for > than 1 seconds (startsecs)
2018-05-29 00:36:55,423 INFO success: mysql entered RUNNING state, process has stayed up for > than 1 seconds (startsecs)
2018-05-29 00:36:55,424 INFO success: varnish-themes-watcher entered RUNNING state, process has stayed up for > than 1 seconds (startsecs)
2018-05-29 18:49:25,049 WARN received SIGTERM indicating exit request
2018-05-29 18:49:25,071 INFO waiting for varnishd, php-fpm, varnish-plugins-watcher, nginx, MailHog, mysql, varnish-themes-watcher to die
2018-05-29 18:49:26,074 INFO stopped: varnish-themes-watcher (terminated by SIGTERM)
2018-05-29 18:49:26,097 INFO stopped: mysql (exit status 0)
2018-05-29 18:49:26,101 INFO stopped: MailHog (terminated by SIGTERM)
2018-05-29 18:49:26,292 INFO stopped: nginx (exit status 0)
2018-05-29 18:49:27,295 INFO stopped: varnish-plugins-watcher (terminated by SIGTERM)
2018-05-29 18:49:27,330 INFO stopped: php-fpm (exit status 0)
2018-05-29 18:49:27,821 CRIT reaped unknown pid 43)
2018-05-29 18:49:28,333 INFO waiting for varnishd to die
2018-05-29 18:49:28,456 INFO stopped: varnishd (exit status 0)
2018-05-29 18:49:33,954 CRIT Supervisor running as root (no user in config file)
2018-05-29 18:49:33,955 WARN Included extra file "/etc/supervisor/conf.d/supervisord.conf" during parsing
2018-05-29 18:49:34,150 INFO RPC interface 'supervisor' initialized
2018-05-29 18:49:34,169 CRIT Server 'unix_http_server' running without any HTTP authentication checking
2018-05-29 18:49:34,295 INFO supervisord started with pid 1
2018-05-29 18:49:35,338 INFO spawned: 'varnishd' with pid 29
2018-05-29 18:49:35,349 INFO spawned: 'php-fpm' with pid 30
2018-05-29 18:49:35,377 INFO spawned: 'varnish-plugins-watcher' with pid 31
2018-05-29 18:49:35,392 INFO spawned: 'nginx' with pid 32
2018-05-29 18:49:35,404 INFO spawned: 'MailHog' with pid 33
2018-05-29 18:49:35,414 INFO spawned: 'mysql' with pid 34
2018-05-29 18:49:35,419 INFO spawned: 'varnish-themes-watcher' with pid 35
2018-05-29 18:49:36,670 INFO success: varnishd entered RUNNING state, process has stayed up for > than 1 seconds (startsecs)
2018-05-29 18:49:36,671 INFO success: php-fpm entered RUNNING state, process has stayed up for > than 1 seconds (startsecs)
2018-05-29 18:49:36,672 INFO success: varnish-plugins-watcher entered RUNNING state, process has stayed up for > than 1 seconds (startsecs)
2018-05-29 18:49:36,673 INFO success: nginx entered RUNNING state, process has stayed up for > than 1 seconds (startsecs)
2018-05-29 18:49:36,674 INFO success: MailHog entered RUNNING state, process has stayed up for > than 1 seconds (startsecs)
2018-05-29 18:49:36,675 INFO success: mysql entered RUNNING state, process has stayed up for > than 1 seconds (startsecs)
2018-05-29 18:49:36,676 INFO success: varnish-themes-watcher entered RUNNING state, process has stayed up for > than 1 seconds (startsecs)
2018-05-29 19:35:30,042 WARN received SIGTERM indicating exit request
2018-05-29 19:35:30,042 INFO waiting for varnishd, php-fpm, varnish-plugins-watcher, nginx, MailHog, mysql, varnish-themes-watcher to die
2018-05-29 19:35:31,045 INFO stopped: varnish-themes-watcher (terminated by SIGTERM)
2018-05-29 19:35:31,061 INFO stopped: mysql (exit status 0)
2018-05-29 19:35:31,064 INFO stopped: MailHog (terminated by SIGTERM)
2018-05-29 19:35:31,075 INFO stopped: nginx (exit status 0)
2018-05-29 19:35:32,078 INFO stopped: varnish-plugins-watcher (terminated by SIGTERM)
2018-05-29 19:35:32,094 INFO stopped: php-fpm (exit status 0)
2018-05-29 19:35:33,059 CRIT reaped unknown pid 44)
2018-05-29 19:35:33,059 INFO waiting for varnishd to die
2018-05-29 19:35:33,180 INFO stopped: varnishd (exit status 0)
2018-05-29 19:35:35,608 CRIT Supervisor running as root (no user in config file)
2018-05-29 19:35:35,611 WARN Included extra file "/etc/supervisor/conf.d/supervisord.conf" during parsing
2018-05-29 19:35:35,738 INFO RPC interface 'supervisor' initialized
2018-05-29 19:35:35,741 CRIT Server 'unix_http_server' running without any HTTP authentication checking
2018-05-29 19:35:35,742 INFO supervisord started with pid 1
2018-05-29 19:35:36,748 INFO spawned: 'varnishd' with pid 29
2018-05-29 19:35:36,759 INFO spawned: 'php-fpm' with pid 30
2018-05-29 19:35:36,771 INFO spawned: 'varnish-plugins-watcher' with pid 31
2018-05-29 19:35:36,784 INFO spawned: 'nginx' with pid 32
2018-05-29 19:35:36,796 INFO spawned: 'MailHog' with pid 33
2018-05-29 19:35:36,809 INFO spawned: 'mysql' with pid 34
2018-05-29 19:35:36,837 INFO spawned: 'varnish-themes-watcher' with pid 37
2018-05-29 19:35:38,153 INFO success: varnishd entered RUNNING state, process has stayed up for > than 1 seconds (startsecs)
2018-05-29 19:35:38,154 INFO success: php-fpm entered RUNNING state, process has stayed up for > than 1 seconds (startsecs)
2018-05-29 19:35:38,154 INFO success: varnish-plugins-watcher entered RUNNING state, process has stayed up for > than 1 seconds (startsecs)
2018-05-29 19:35:38,155 INFO success: nginx entered RUNNING state, process has stayed up for > than 1 seconds (startsecs)
2018-05-29 19:35:38,156 INFO success: MailHog entered RUNNING state, process has stayed up for > than 1 seconds (startsecs)
2018-05-29 19:35:38,157 INFO success: mysql entered RUNNING state, process has stayed up for > than 1 seconds (startsecs)
2018-05-29 19:35:38,158 INFO success: varnish-themes-watcher entered RUNNING state, process has stayed up for > than 1 seconds (startsecs)
2018-05-29 19:37:47,665 WARN received SIGTERM indicating exit request
2018-05-29 19:37:47,666 INFO waiting for varnishd, php-fpm, varnish-plugins-watcher, nginx, MailHog, mysql, varnish-themes-watcher to die
2018-05-29 19:37:48,668 INFO stopped: varnish-themes-watcher (terminated by SIGTERM)
2018-05-29 19:37:48,677 INFO stopped: mysql (exit status 0)
2018-05-29 19:37:48,679 INFO stopped: MailHog (terminated by SIGTERM)
2018-05-29 19:37:48,692 INFO stopped: nginx (exit status 0)
2018-05-29 19:37:49,695 INFO stopped: varnish-plugins-watcher (terminated by SIGTERM)
2018-05-29 19:37:49,709 INFO stopped: php-fpm (exit status 0)
2018-05-29 19:37:50,268 CRIT reaped unknown pid 44)
2018-05-29 19:37:50,723 INFO waiting for varnishd to die
2018-05-29 19:37:50,853 INFO stopped: varnishd (exit status 0)
2018-05-29 19:37:52,733 CRIT Supervisor running as root (no user in config file)
2018-05-29 19:37:52,736 WARN Included extra file "/etc/supervisor/conf.d/supervisord.conf" during parsing
2018-05-29 19:37:52,857 INFO RPC interface 'supervisor' initialized
2018-05-29 19:37:52,864 CRIT Server 'unix_http_server' running without any HTTP authentication checking
2018-05-29 19:37:52,865 INFO supervisord started with pid 1
2018-05-29 19:37:53,871 INFO spawned: 'varnishd' with pid 29
2018-05-29 19:37:53,881 INFO spawned: 'php-fpm' with pid 30
2018-05-29 19:37:53,887 INFO spawned: 'varnish-plugins-watcher' with pid 31
2018-05-29 19:37:53,898 INFO spawned: 'nginx' with pid 32
2018-05-29 19:37:53,907 INFO spawned: 'MailHog' with pid 33
2018-05-29 19:37:53,916 INFO spawned: 'mysql' with pid 34
2018-05-29 19:37:53,923 INFO spawned: 'varnish-themes-watcher' with pid 35
2018-05-29 19:37:55,248 INFO success: varnishd entered RUNNING state, process has stayed up for > than 1 seconds (startsecs)
2018-05-29 19:37:55,249 INFO success: php-fpm entered RUNNING state, process has stayed up for > than 1 seconds (startsecs)
2018-05-29 19:37:55,250 INFO success: varnish-plugins-watcher entered RUNNING state, process has stayed up for > than 1 seconds (startsecs)
2018-05-29 19:37:55,251 INFO success: nginx entered RUNNING state, process has stayed up for > than 1 seconds (startsecs)
2018-05-29 19:37:55,252 INFO success: MailHog entered RUNNING state, process has stayed up for > than 1 seconds (startsecs)
2018-05-29 19:37:55,253 INFO success: mysql entered RUNNING state, process has stayed up for > than 1 seconds (startsecs)
2018-05-29 19:37:55,253 INFO success: varnish-themes-watcher entered RUNNING state, process has stayed up for > than 1 seconds (startsecs)
2018-05-29 20:37:31,227 WARN received SIGTERM indicating exit request
2018-05-29 20:37:31,228 INFO waiting for varnishd, php-fpm, varnish-plugins-watcher, nginx, MailHog, mysql, varnish-themes-watcher to die
2018-05-29 20:37:32,231 INFO stopped: varnish-themes-watcher (terminated by SIGTERM)
2018-05-29 20:37:32,242 INFO stopped: mysql (exit status 0)
2018-05-29 20:37:32,246 INFO stopped: MailHog (terminated by SIGTERM)
2018-05-29 20:37:32,255 INFO stopped: nginx (exit status 0)
2018-05-29 20:37:33,258 INFO stopped: varnish-plugins-watcher (terminated by SIGTERM)
2018-05-29 20:37:33,271 INFO stopped: php-fpm (exit status 0)
2018-05-29 20:37:33,726 CRIT reaped unknown pid 44)
2018-05-29 20:37:34,283 INFO waiting for varnishd to die
2018-05-29 20:37:34,394 INFO stopped: varnishd (exit status 0)
2018-05-29 20:37:36,393 CRIT Supervisor running as root (no user in config file)
2018-05-29 20:37:36,394 WARN Included extra file "/etc/supervisor/conf.d/supervisord.conf" during parsing
2018-05-29 20:37:36,510 INFO RPC interface 'supervisor' initialized
2018-05-29 20:37:36,544 CRIT Server 'unix_http_server' running without any HTTP authentication checking
2018-05-29 20:37:36,546 INFO supervisord started with pid 1
2018-05-29 20:37:37,557 INFO spawned: 'varnishd' with pid 29
2018-05-29 20:37:37,565 INFO spawned: 'php-fpm' with pid 30
2018-05-29 20:37:37,573 INFO spawned: 'varnish-plugins-watcher' with pid 31
2018-05-29 20:37:37,610 INFO spawned: 'nginx' with pid 32
2018-05-29 20:37:37,617 INFO spawned: 'MailHog' with pid 33
2018-05-29 20:37:37,627 INFO spawned: 'mysql' with pid 35
2018-05-29 20:37:37,631 INFO spawned: 'varnish-themes-watcher' with pid 36
2018-05-29 20:37:38,922 INFO success: varnishd entered RUNNING state, process has stayed up for > than 1 seconds (startsecs)
2018-05-29 20:37:38,923 INFO success: php-fpm entered RUNNING state, process has stayed up for > than 1 seconds (startsecs)
2018-05-29 20:37:38,924 INFO success: varnish-plugins-watcher entered RUNNING state, process has stayed up for > than 1 seconds (startsecs)
2018-05-29 20:37:38,925 INFO success: nginx entered RUNNING state, process has stayed up for > than 1 seconds (startsecs)
2018-05-29 20:37:38,926 INFO success: MailHog entered RUNNING state, process has stayed up for > than 1 seconds (startsecs)
2018-05-29 20:37:38,927 INFO success: mysql entered RUNNING state, process has stayed up for > than 1 seconds (startsecs)
2018-05-29 20:37:38,928 INFO success: varnish-themes-watcher entered RUNNING state, process has stayed up for > than 1 seconds (startsecs)
2018-05-29 21:40:21,555 WARN received SIGTERM indicating exit request
2018-05-29 21:40:21,556 INFO waiting for varnishd, php-fpm, varnish-plugins-watcher, nginx, MailHog, mysql, varnish-themes-watcher to die
2018-05-29 21:40:22,558 INFO stopped: varnish-themes-watcher (terminated by SIGTERM)
2018-05-29 21:40:22,576 INFO stopped: mysql (exit status 0)
2018-05-29 21:40:22,578 INFO stopped: MailHog (terminated by SIGTERM)
2018-05-29 21:40:22,585 INFO stopped: nginx (exit status 0)
2018-05-29 21:40:23,588 INFO stopped: varnish-plugins-watcher (terminated by SIGTERM)
2018-05-29 21:40:23,603 INFO stopped: php-fpm (exit status 0)
2018-05-29 21:40:23,857 CRIT reaped unknown pid 44)
2018-05-29 21:40:24,614 INFO waiting for varnishd to die
2018-05-29 21:40:24,716 INFO stopped: varnishd (exit status 0)
2018-05-29 21:40:27,726 CRIT Supervisor running as root (no user in config file)
2018-05-29 21:40:27,727 WARN Included extra file "/etc/supervisor/conf.d/supervisord.conf" during parsing
2018-05-29 21:40:27,836 INFO RPC interface 'supervisor' initialized
2018-05-29 21:40:27,837 CRIT Server 'unix_http_server' running without any HTTP authentication checking
2018-05-29 21:40:27,843 INFO supervisord started with pid 1
2018-05-29 21:40:28,850 INFO spawned: 'varnishd' with pid 28
2018-05-29 21:40:28,859 INFO spawned: 'php-fpm' with pid 29
2018-05-29 21:40:28,864 INFO spawned: 'varnish-plugins-watcher' with pid 30
2018-05-29 21:40:28,875 INFO spawned: 'nginx' with pid 31
2018-05-29 21:40:28,886 INFO spawned: 'MailHog' with pid 32
2018-05-29 21:40:28,897 INFO spawned: 'mysql' with pid 33
2018-05-29 21:40:28,904 INFO spawned: 'varnish-themes-watcher' with pid 34
2018-05-29 21:40:30,128 INFO success: varnishd entered RUNNING state, process has stayed up for > than 1 seconds (startsecs)
2018-05-29 21:40:30,128 INFO success: php-fpm entered RUNNING state, process has stayed up for > than 1 seconds (startsecs)
2018-05-29 21:40:30,129 INFO success: varnish-plugins-watcher entered RUNNING state, process has stayed up for > than 1 seconds (startsecs)
2018-05-29 21:40:30,130 INFO success: nginx entered RUNNING state, process has stayed up for > than 1 seconds (startsecs)
2018-05-29 21:40:30,131 INFO success: MailHog entered RUNNING state, process has stayed up for > than 1 seconds (startsecs)
2018-05-29 21:40:30,132 INFO success: mysql entered RUNNING state, process has stayed up for > than 1 seconds (startsecs)
2018-05-29 21:40:30,133 INFO success: varnish-themes-watcher entered RUNNING state, process has stayed up for > than 1 seconds (startsecs)
2018-05-30 20:58:46,225 CRIT Supervisor running as root (no user in config file)
2018-05-30 20:58:46,242 WARN Included extra file "/etc/supervisor/conf.d/supervisord.conf" during parsing
2018-05-30 20:58:46,504 INFO RPC interface 'supervisor' initialized
2018-05-30 20:58:46,519 CRIT Server 'unix_http_server' running without any HTTP authentication checking
2018-05-30 20:58:46,522 INFO supervisord started with pid 1
2018-05-30 20:58:47,543 INFO spawned: 'varnishd' with pid 29
2018-05-30 20:58:47,553 INFO spawned: 'php-fpm' with pid 30
2018-05-30 20:58:47,558 INFO spawned: 'varnish-plugins-watcher' with pid 31
2018-05-30 20:58:47,567 INFO spawned: 'nginx' with pid 32
2018-05-30 20:58:47,577 INFO spawned: 'MailHog' with pid 33
2018-05-30 20:58:47,586 INFO spawned: 'mysql' with pid 34
2018-05-30 20:58:47,591 INFO spawned: 'varnish-themes-watcher' with pid 35
2018-05-30 20:58:49,044 INFO success: varnishd entered RUNNING state, process has stayed up for > than 1 seconds (startsecs)
2018-05-30 20:58:49,044 INFO success: php-fpm entered RUNNING state, process has stayed up for > than 1 seconds (startsecs)
2018-05-30 20:58:49,045 INFO success: varnish-plugins-watcher entered RUNNING state, process has stayed up for > than 1 seconds (startsecs)
2018-05-30 20:58:49,045 INFO success: nginx entered RUNNING state, process has stayed up for > than 1 seconds (startsecs)
2018-05-30 20:58:49,045 INFO success: MailHog entered RUNNING state, process has stayed up for > than 1 seconds (startsecs)
2018-05-30 20:58:49,046 INFO success: mysql entered RUNNING state, process has stayed up for > than 1 seconds (startsecs)
2018-05-30 20:58:49,047 INFO success: varnish-themes-watcher entered RUNNING state, process has stayed up for > than 1 seconds (startsecs)
2018-05-30 21:08:59,466 WARN received SIGTERM indicating exit request
2018-05-30 21:08:59,467 INFO waiting for varnishd, php-fpm, varnish-plugins-watcher, nginx, MailHog, mysql, varnish-themes-watcher to die
2018-05-30 21:09:00,468 INFO stopped: varnish-themes-watcher (terminated by SIGTERM)
2018-05-30 21:09:00,480 INFO stopped: mysql (exit status 0)
2018-05-30 21:09:00,483 INFO stopped: MailHog (terminated by SIGTERM)
2018-05-30 21:09:00,559 INFO stopped: nginx (exit status 0)
2018-05-30 21:09:01,563 INFO stopped: varnish-plugins-watcher (terminated by SIGTERM)
2018-05-30 21:09:01,596 INFO stopped: php-fpm (exit status 0)
2018-05-30 21:09:01,724 CRIT reaped unknown pid 38)
2018-05-30 21:09:02,609 INFO waiting for varnishd to die
2018-05-30 21:09:02,769 INFO stopped: varnishd (exit status 0)
2018-05-30 21:09:04,585 CRIT Supervisor running as root (no user in config file)
2018-05-30 21:09:04,588 WARN Included extra file "/etc/supervisor/conf.d/supervisord.conf" during parsing
2018-05-30 21:09:04,739 INFO RPC interface 'supervisor' initialized
2018-05-30 21:09:04,747 CRIT Server 'unix_http_server' running without any HTTP authentication checking
2018-05-30 21:09:04,749 INFO supervisord started with pid 1
2018-05-30 21:09:05,756 INFO spawned: 'varnishd' with pid 28
2018-05-30 21:09:05,766 INFO spawned: 'php-fpm' with pid 29
2018-05-30 21:09:05,772 INFO spawned: 'varnish-plugins-watcher' with pid 30
2018-05-30 21:09:05,782 INFO spawned: 'nginx' with pid 31
2018-05-30 21:09:05,791 INFO spawned: 'MailHog' with pid 32
2018-05-30 21:09:05,800 INFO spawned: 'mysql' with pid 33
2018-05-30 21:09:05,806 INFO spawned: 'varnish-themes-watcher' with pid 34
2018-05-30 21:09:07,013 INFO success: varnishd entered RUNNING state, process has stayed up for > than 1 seconds (startsecs)
2018-05-30 21:09:07,014 INFO success: php-fpm entered RUNNING state, process has stayed up for > than 1 seconds (startsecs)
2018-05-30 21:09:07,015 INFO success: varnish-plugins-watcher entered RUNNING state, process has stayed up for > than 1 seconds (startsecs)
2018-05-30 21:09:07,016 INFO success: nginx entered RUNNING state, process has stayed up for > than 1 seconds (startsecs)
2018-05-30 21:09:07,017 INFO success: MailHog entered RUNNING state, process has stayed up for > than 1 seconds (startsecs)
2018-05-30 21:09:07,017 INFO success: mysql entered RUNNING state, process has stayed up for > than 1 seconds (startsecs)
2018-05-30 21:09:07,018 INFO success: varnish-themes-watcher entered RUNNING state, process has stayed up for > than 1 seconds (startsecs)
2018-05-30 22:32:33,011 WARN received SIGTERM indicating exit request
2018-05-30 22:32:33,012 INFO waiting for varnishd, php-fpm, varnish-plugins-watcher, nginx, MailHog, mysql, varnish-themes-watcher to die
2018-05-30 22:32:34,015 INFO stopped: varnish-themes-watcher (terminated by SIGTERM)
2018-05-30 22:32:34,032 INFO stopped: mysql (exit status 0)
2018-05-30 22:32:34,037 INFO stopped: MailHog (terminated by SIGTERM)
2018-05-30 22:32:34,051 INFO stopped: nginx (exit status 0)
2018-05-30 22:32:35,056 INFO stopped: varnish-plugins-watcher (terminated by SIGTERM)
2018-05-30 22:32:35,155 INFO stopped: php-fpm (exit status 0)
2018-05-30 22:32:35,817 CRIT reaped unknown pid 43)
2018-05-30 22:32:36,162 INFO waiting for varnishd to die
2018-05-30 22:32:36,375 INFO stopped: varnishd (exit status 0)
2018-05-30 22:32:49,097 CRIT Supervisor running as root (no user in config file)
2018-05-30 22:32:49,099 WARN Included extra file "/etc/supervisor/conf.d/supervisord.conf" during parsing
2018-05-30 22:32:49,352 INFO RPC interface 'supervisor' initialized
2018-05-30 22:32:49,359 CRIT Server 'unix_http_server' running without any HTTP authentication checking
2018-05-30 22:32:49,359 INFO supervisord started with pid 1
2018-05-30 22:32:50,370 INFO spawned: 'varnishd' with pid 33
2018-05-30 22:32:50,382 INFO spawned: 'php-fpm' with pid 34
2018-05-30 22:32:50,388 INFO spawned: 'varnish-plugins-watcher' with pid 35
2018-05-30 22:32:50,400 INFO spawned: 'nginx' with pid 36
2018-05-30 22:32:50,437 INFO spawned: 'MailHog' with pid 37
2018-05-30 22:32:50,447 INFO spawned: 'mysql' with pid 39
2018-05-30 22:32:50,485 INFO spawned: 'varnish-themes-watcher' with pid 42
2018-05-30 22:32:51,808 INFO success: varnishd entered RUNNING state, process has stayed up for > than 1 seconds (startsecs)
2018-05-30 22:32:51,810 INFO success: php-fpm entered RUNNING state, process has stayed up for > than 1 seconds (startsecs)
2018-05-30 22:32:51,811 INFO success: varnish-plugins-watcher entered RUNNING state, process has stayed up for > than 1 seconds (startsecs)
2018-05-30 22:32:51,812 INFO success: nginx entered RUNNING state, process has stayed up for > than 1 seconds (startsecs)
2018-05-30 22:32:51,812 INFO success: MailHog entered RUNNING state, process has stayed up for > than 1 seconds (startsecs)
2018-05-30 22:32:51,813 INFO success: mysql entered RUNNING state, process has stayed up for > than 1 seconds (startsecs)
2018-05-30 22:32:51,814 INFO success: varnish-themes-watcher entered RUNNING state, process has stayed up for > than 1 seconds (startsecs)
2018-05-30 23:12:08,682 WARN received SIGTERM indicating exit request
2018-05-30 23:12:08,684 INFO waiting for varnishd, php-fpm, varnish-plugins-watcher, nginx, MailHog, mysql, varnish-themes-watcher to die
2018-05-30 23:12:09,685 INFO stopped: varnish-themes-watcher (terminated by SIGTERM)
2018-05-30 23:12:09,699 INFO stopped: mysql (exit status 0)
2018-05-30 23:12:09,703 INFO stopped: MailHog (terminated by SIGTERM)
2018-05-30 23:12:09,715 INFO stopped: nginx (exit status 0)
2018-05-30 23:12:10,719 INFO stopped: varnish-plugins-watcher (terminated by SIGTERM)
2018-05-30 23:12:10,734 INFO stopped: php-fpm (exit status 0)
2018-05-30 23:12:11,090 CRIT reaped unknown pid 47)
2018-05-30 23:12:11,747 INFO waiting for varnishd to die
2018-05-30 23:12:11,873 INFO stopped: varnishd (exit status 0)
2018-05-30 23:12:13,472 CRIT Supervisor running as root (no user in config file)
2018-05-30 23:12:13,473 WARN Included extra file "/etc/supervisor/conf.d/supervisord.conf" during parsing
2018-05-30 23:12:13,628 INFO RPC interface 'supervisor' initialized
2018-05-30 23:12:13,631 CRIT Server 'unix_http_server' running without any HTTP authentication checking
2018-05-30 23:12:13,632 INFO supervisord started with pid 1
2018-05-30 23:12:14,638 INFO spawned: 'varnishd' with pid 29
2018-05-30 23:12:14,647 INFO spawned: 'php-fpm' with pid 30
2018-05-30 23:12:14,652 INFO spawned: 'varnish-plugins-watcher' with pid 31
2018-05-30 23:12:14,660 INFO spawned: 'nginx' with pid 32
2018-05-30 23:12:14,669 INFO spawned: 'MailHog' with pid 33
2018-05-30 23:12:14,678 INFO spawned: 'mysql' with pid 34
2018-05-30 23:12:14,683 INFO spawned: 'varnish-themes-watcher' with pid 35
2018-05-30 23:12:15,901 INFO success: varnishd entered RUNNING state, process has stayed up for > than 1 seconds (startsecs)
2018-05-30 23:12:15,902 INFO success: php-fpm entered RUNNING state, process has stayed up for > than 1 seconds (startsecs)
2018-05-30 23:12:15,903 INFO success: varnish-plugins-watcher entered RUNNING state, process has stayed up for > than 1 seconds (startsecs)
2018-05-30 23:12:15,904 INFO success: nginx entered RUNNING state, process has stayed up for > than 1 seconds (startsecs)
2018-05-30 23:12:15,905 INFO success: MailHog entered RUNNING state, process has stayed up for > than 1 seconds (startsecs)
2018-05-30 23:12:15,906 INFO success: mysql entered RUNNING state, process has stayed up for > than 1 seconds (startsecs)
2018-05-30 23:12:15,907 INFO success: varnish-themes-watcher entered RUNNING state, process has stayed up for > than 1 seconds (startsecs)
2018-06-01 17:53:35,735 CRIT Supervisor running as root (no user in config file)
2018-06-01 17:53:35,749 WARN Included extra file "/etc/supervisor/conf.d/supervisord.conf" during parsing
2018-06-01 17:53:36,211 INFO RPC interface 'supervisor' initialized
2018-06-01 17:53:36,211 CRIT Server 'unix_http_server' running without any HTTP authentication checking
2018-06-01 17:53:36,212 INFO supervisord started with pid 1
2018-06-01 17:53:37,218 INFO spawned: 'varnishd' with pid 30
2018-06-01 17:53:37,234 INFO spawned: 'php-fpm' with pid 31
2018-06-01 17:53:37,239 INFO spawned: 'varnish-plugins-watcher' with pid 32
2018-06-01 17:53:37,258 INFO spawned: 'nginx' with pid 33
2018-06-01 17:53:37,269 INFO spawned: 'MailHog' with pid 34
2018-06-01 17:53:37,276 INFO spawned: 'mysql' with pid 35
2018-06-01 17:53:37,284 INFO spawned: 'varnish-themes-watcher' with pid 36
2018-06-01 17:53:38,568 INFO success: varnishd entered RUNNING state, process has stayed up for > than 1 seconds (startsecs)
2018-06-01 17:53:38,569 INFO success: php-fpm entered RUNNING state, process has stayed up for > than 1 seconds (startsecs)
2018-06-01 17:53:38,570 INFO success: varnish-plugins-watcher entered RUNNING state, process has stayed up for > than 1 seconds (startsecs)
2018-06-01 17:53:38,571 INFO success: nginx entered RUNNING state, process has stayed up for > than 1 seconds (startsecs)
2018-06-01 17:53:38,572 INFO success: MailHog entered RUNNING state, process has stayed up for > than 1 seconds (startsecs)
2018-06-01 17:53:38,572 INFO success: mysql entered RUNNING state, process has stayed up for > than 1 seconds (startsecs)
2018-06-01 17:53:38,573 INFO success: varnish-themes-watcher entered RUNNING state, process has stayed up for > than 1 seconds (startsecs)
2018-06-01 18:35:16,009 WARN received SIGTERM indicating exit request
2018-06-01 18:35:16,009 INFO waiting for varnishd, php-fpm, varnish-plugins-watcher, nginx, MailHog, mysql, varnish-themes-watcher to die
2018-06-01 18:35:17,012 INFO stopped: varnish-themes-watcher (terminated by SIGTERM)
2018-06-01 18:35:17,021 INFO stopped: mysql (exit status 0)
2018-06-01 18:35:17,025 INFO stopped: MailHog (terminated by SIGTERM)
2018-06-01 18:35:17,031 INFO stopped: nginx (exit status 0)
2018-06-01 18:35:18,039 INFO stopped: varnish-plugins-watcher (terminated by SIGTERM)
2018-06-01 18:35:18,061 INFO stopped: php-fpm (exit status 0)
2018-06-01 18:35:18,916 CRIT reaped unknown pid 37)
2018-06-01 18:35:19,075 INFO waiting for varnishd to die
2018-06-01 18:35:19,214 INFO stopped: varnishd (exit status 0)
2018-06-01 18:35:22,339 CRIT Supervisor running as root (no user in config file)
2018-06-01 18:35:22,339 WARN Included extra file "/etc/supervisor/conf.d/supervisord.conf" during parsing
2018-06-01 18:35:22,432 INFO RPC interface 'supervisor' initialized
2018-06-01 18:35:22,432 CRIT Server 'unix_http_server' running without any HTTP authentication checking
2018-06-01 18:35:22,432 INFO supervisord started with pid 1
2018-06-01 18:35:23,450 INFO spawned: 'varnishd' with pid 24
2018-06-01 18:35:23,643 INFO spawned: 'php-fpm' with pid 25
2018-06-01 18:35:23,726 INFO spawned: 'varnish-plugins-watcher' with pid 26
2018-06-01 18:35:23,757 INFO spawned: 'nginx' with pid 27
2018-06-01 18:35:23,865 INFO spawned: 'MailHog' with pid 29
2018-06-01 18:35:23,968 INFO spawned: 'mysql' with pid 30
2018-06-01 18:35:24,064 INFO spawned: 'varnish-themes-watcher' with pid 33
2018-06-01 18:35:25,385 INFO success: varnishd entered RUNNING state, process has stayed up for > than 1 seconds (startsecs)
2018-06-01 18:35:25,387 INFO success: php-fpm entered RUNNING state, process has stayed up for > than 1 seconds (startsecs)
2018-06-01 18:35:25,388 INFO success: varnish-plugins-watcher entered RUNNING state, process has stayed up for > than 1 seconds (startsecs)
2018-06-01 18:35:25,390 INFO success: nginx entered RUNNING state, process has stayed up for > than 1 seconds (startsecs)
2018-06-01 18:35:25,390 INFO success: MailHog entered RUNNING state, process has stayed up for > than 1 seconds (startsecs)
2018-06-01 18:35:25,391 INFO success: mysql entered RUNNING state, process has stayed up for > than 1 seconds (startsecs)
2018-06-01 18:35:25,393 INFO success: varnish-themes-watcher entered RUNNING state, process has stayed up for > than 1 seconds (startsecs)
2018-06-01 19:31:38,778 WARN received SIGTERM indicating exit request
2018-06-01 19:31:38,790 INFO waiting for varnishd, php-fpm, varnish-plugins-watcher, nginx, MailHog, mysql, varnish-themes-watcher to die
2018-06-01 19:31:39,793 INFO stopped: varnish-themes-watcher (terminated by SIGTERM)
2018-06-01 19:31:39,809 INFO stopped: mysql (exit status 0)
2018-06-01 19:31:39,828 INFO stopped: MailHog (terminated by SIGTERM)
2018-06-01 19:31:39,967 INFO stopped: nginx (exit status 0)
2018-06-01 19:31:40,973 INFO stopped: varnish-plugins-watcher (terminated by SIGTERM)
2018-06-01 19:31:40,990 INFO stopped: php-fpm (exit status 0)
2018-06-01 19:31:41,189 CRIT reaped unknown pid 34)
2018-06-01 19:31:41,996 INFO waiting for varnishd to die
2018-06-01 19:31:42,183 INFO stopped: varnishd (exit status 0)
2018-06-01 19:31:47,351 CRIT Supervisor running as root (no user in config file)
2018-06-01 19:31:47,352 WARN Included extra file "/etc/supervisor/conf.d/supervisord.conf" during parsing
2018-06-01 19:31:47,626 INFO RPC interface 'supervisor' initialized
2018-06-01 19:31:47,637 CRIT Server 'unix_http_server' running without any HTTP authentication checking
2018-06-01 19:31:47,638 INFO supervisord started with pid 1
2018-06-01 19:31:48,887 INFO spawned: 'varnishd' with pid 28
2018-06-01 19:31:48,904 INFO spawned: 'php-fpm' with pid 29
2018-06-01 19:31:48,912 INFO spawned: 'varnish-plugins-watcher' with pid 30
2018-06-01 19:31:48,924 INFO spawned: 'nginx' with pid 31
2018-06-01 19:31:48,934 INFO spawned: 'MailHog' with pid 32
2018-06-01 19:31:48,965 INFO spawned: 'mysql' with pid 35
2018-06-01 19:31:48,991 INFO spawned: 'varnish-themes-watcher' with pid 37
2018-06-01 19:31:50,238 INFO success: varnishd entered RUNNING state, process has stayed up for > than 1 seconds (startsecs)
2018-06-01 19:31:50,239 INFO success: php-fpm entered RUNNING state, process has stayed up for > than 1 seconds (startsecs)
2018-06-01 19:31:50,239 INFO success: varnish-plugins-watcher entered RUNNING state, process has stayed up for > than 1 seconds (startsecs)
2018-06-01 19:31:50,239 INFO success: nginx entered RUNNING state, process has stayed up for > than 1 seconds (startsecs)
2018-06-01 19:31:50,239 INFO success: MailHog entered RUNNING state, process has stayed up for > than 1 seconds (startsecs)
2018-06-01 19:31:50,239 INFO success: mysql entered RUNNING state, process has stayed up for > than 1 seconds (startsecs)
2018-06-01 19:31:50,240 INFO success: varnish-themes-watcher entered RUNNING state, process has stayed up for > than 1 seconds (startsecs)
2018-06-01 20:33:08,008 CRIT Supervisor running as root (no user in config file)
2018-06-01 20:33:08,024 WARN Included extra file "/etc/supervisor/conf.d/supervisord.conf" during parsing
2018-06-01 20:33:08,136 INFO RPC interface 'supervisor' initialized
2018-06-01 20:33:08,151 CRIT Server 'unix_http_server' running without any HTTP authentication checking
2018-06-01 20:33:08,152 INFO supervisord started with pid 1
2018-06-01 20:33:09,163 INFO spawned: 'varnishd' with pid 28
2018-06-01 20:33:09,172 INFO spawned: 'php-fpm' with pid 29
2018-06-01 20:33:09,178 INFO spawned: 'varnish-plugins-watcher' with pid 30
2018-06-01 20:33:09,189 INFO spawned: 'nginx' with pid 31
2018-06-01 20:33:09,199 INFO spawned: 'MailHog' with pid 32
2018-06-01 20:33:09,209 INFO spawned: 'mysql' with pid 33
2018-06-01 20:33:09,215 INFO spawned: 'varnish-themes-watcher' with pid 34
2018-06-01 20:33:10,470 INFO success: varnishd entered RUNNING state, process has stayed up for > than 1 seconds (startsecs)
2018-06-01 20:33:10,472 INFO success: php-fpm entered RUNNING state, process has stayed up for > than 1 seconds (startsecs)
2018-06-01 20:33:10,473 INFO success: varnish-plugins-watcher entered RUNNING state, process has stayed up for > than 1 seconds (startsecs)
2018-06-01 20:33:10,474 INFO success: nginx entered RUNNING state, process has stayed up for > than 1 seconds (startsecs)
2018-06-01 20:33:10,475 INFO success: MailHog entered RUNNING state, process has stayed up for > than 1 seconds (startsecs)
2018-06-01 20:33:10,476 INFO success: mysql entered RUNNING state, process has stayed up for > than 1 seconds (startsecs)
2018-06-01 20:33:10,476 INFO success: varnish-themes-watcher entered RUNNING state, process has stayed up for > than 1 seconds (startsecs)
2018-06-02 20:55:47,703 WARN received SIGTERM indicating exit request
2018-06-02 20:55:47,704 INFO waiting for varnishd, php-fpm, varnish-plugins-watcher, nginx, MailHog, mysql, varnish-themes-watcher to die
2018-06-02 20:55:48,707 INFO stopped: varnish-themes-watcher (terminated by SIGTERM)
2018-06-02 20:55:48,719 INFO stopped: mysql (exit status 0)
2018-06-02 20:55:48,839 INFO stopped: MailHog (terminated by SIGTERM)
2018-06-02 20:55:49,119 INFO stopped: nginx (exit status 0)
2018-06-02 20:55:50,123 INFO stopped: varnish-plugins-watcher (terminated by SIGTERM)
2018-06-02 20:55:50,201 INFO stopped: php-fpm (exit status 0)
2018-06-02 20:55:51,078 CRIT reaped unknown pid 43)
2018-06-02 20:55:51,080 INFO waiting for varnishd to die
2018-06-02 20:55:51,302 INFO stopped: varnishd (exit status 0)
2018-06-02 20:55:57,393 CRIT Supervisor running as root (no user in config file)
2018-06-02 20:55:57,393 WARN Included extra file "/etc/supervisor/conf.d/supervisord.conf" during parsing
2018-06-02 20:55:57,593 INFO RPC interface 'supervisor' initialized
2018-06-02 20:55:57,597 CRIT Server 'unix_http_server' running without any HTTP authentication checking
2018-06-02 20:55:57,599 INFO supervisord started with pid 1
2018-06-02 20:55:58,612 INFO spawned: 'varnishd' with pid 28
2018-06-02 20:55:58,638 INFO spawned: 'php-fpm' with pid 29
2018-06-02 20:55:58,650 INFO spawned: 'varnish-plugins-watcher' with pid 30
2018-06-02 20:55:58,661 INFO spawned: 'nginx' with pid 31
2018-06-02 20:55:58,673 INFO spawned: 'MailHog' with pid 32
2018-06-02 20:55:58,687 INFO spawned: 'mysql' with pid 33
2018-06-02 20:55:58,731 INFO spawned: 'varnish-themes-watcher' with pid 35
2018-06-02 20:55:59,904 INFO success: varnishd entered RUNNING state, process has stayed up for > than 1 seconds (startsecs)
2018-06-02 20:55:59,904 INFO success: php-fpm entered RUNNING state, process has stayed up for > than 1 seconds (startsecs)
2018-06-02 20:55:59,905 INFO success: varnish-plugins-watcher entered RUNNING state, process has stayed up for > than 1 seconds (startsecs)
2018-06-02 20:55:59,906 INFO success: nginx entered RUNNING state, process has stayed up for > than 1 seconds (startsecs)
2018-06-02 20:55:59,906 INFO success: MailHog entered RUNNING state, process has stayed up for > than 1 seconds (startsecs)
2018-06-02 20:55:59,907 INFO success: mysql entered RUNNING state, process has stayed up for > than 1 seconds (startsecs)
2018-06-02 20:55:59,908 INFO success: varnish-themes-watcher entered RUNNING state, process has stayed up for > than 1 seconds (startsecs)
2018-06-02 22:11:25,792 WARN received SIGTERM indicating exit request
2018-06-02 22:11:25,793 INFO waiting for varnishd, php-fpm, varnish-plugins-watcher, nginx, MailHog, mysql, varnish-themes-watcher to die
2018-06-02 22:11:26,795 INFO stopped: varnish-themes-watcher (terminated by SIGTERM)
2018-06-02 22:11:26,806 INFO stopped: mysql (exit status 0)
2018-06-02 22:11:26,811 INFO stopped: MailHog (terminated by SIGTERM)
2018-06-02 22:11:26,890 INFO stopped: nginx (exit status 0)
2018-06-02 22:11:27,894 INFO stopped: varnish-plugins-watcher (terminated by SIGTERM)
2018-06-02 22:11:27,942 INFO stopped: php-fpm (exit status 0)
2018-06-02 22:11:28,095 CRIT reaped unknown pid 42)
2018-06-02 22:11:28,956 INFO waiting for varnishd to die
2018-06-02 22:11:29,071 INFO stopped: varnishd (exit status 0)
2018-06-02 22:11:32,979 CRIT Supervisor running as root (no user in config file)
2018-06-02 22:11:32,981 WARN Included extra file "/etc/supervisor/conf.d/supervisord.conf" during parsing
2018-06-02 22:11:33,106 INFO RPC interface 'supervisor' initialized
2018-06-02 22:11:33,115 CRIT Server 'unix_http_server' running without any HTTP authentication checking
2018-06-02 22:11:33,116 INFO supervisord started with pid 1
2018-06-02 22:11:34,121 INFO spawned: 'varnishd' with pid 28
2018-06-02 22:11:34,161 INFO spawned: 'php-fpm' with pid 29
2018-06-02 22:11:34,168 INFO spawned: 'varnish-plugins-watcher' with pid 30
2018-06-02 22:11:34,180 INFO spawned: 'nginx' with pid 31
2018-06-02 22:11:34,195 INFO spawned: 'MailHog' with pid 32
2018-06-02 22:11:34,219 INFO spawned: 'mysql' with pid 33
2018-06-02 22:11:34,251 INFO spawned: 'varnish-themes-watcher' with pid 36
2018-06-02 22:11:35,492 INFO success: varnishd entered RUNNING state, process has stayed up for > than 1 seconds (startsecs)
2018-06-02 22:11:35,493 INFO success: php-fpm entered RUNNING state, process has stayed up for > than 1 seconds (startsecs)
2018-06-02 22:11:35,494 INFO success: varnish-plugins-watcher entered RUNNING state, process has stayed up for > than 1 seconds (startsecs)
2018-06-02 22:11:35,495 INFO success: nginx entered RUNNING state, process has stayed up for > than 1 seconds (startsecs)
2018-06-02 22:11:35,496 INFO success: MailHog entered RUNNING state, process has stayed up for > than 1 seconds (startsecs)
2018-06-02 22:11:35,497 INFO success: mysql entered RUNNING state, process has stayed up for > than 1 seconds (startsecs)
2018-06-02 22:11:35,497 INFO success: varnish-themes-watcher entered RUNNING state, process has stayed up for > than 1 seconds (startsecs)
2018-06-02 22:22:52,397 WARN received SIGTERM indicating exit request
2018-06-02 22:22:52,398 INFO waiting for varnishd, php-fpm, varnish-plugins-watcher, nginx, MailHog, mysql, varnish-themes-watcher to die
2018-06-02 22:22:53,400 INFO stopped: varnish-themes-watcher (terminated by SIGTERM)
2018-06-02 22:22:53,410 INFO stopped: mysql (exit status 0)
2018-06-02 22:22:53,416 INFO stopped: MailHog (terminated by SIGTERM)
2018-06-02 22:22:53,426 INFO stopped: nginx (exit status 0)
2018-06-02 22:22:54,429 INFO stopped: varnish-plugins-watcher (terminated by SIGTERM)
2018-06-02 22:22:54,452 INFO stopped: php-fpm (exit status 0)
2018-06-02 22:22:55,206 CRIT reaped unknown pid 43)
2018-06-02 22:22:55,457 INFO waiting for varnishd to die
2018-06-02 22:22:55,586 INFO stopped: varnishd (exit status 0)
2018-06-02 22:23:16,233 CRIT Supervisor running as root (no user in config file)
2018-06-02 22:23:16,234 WARN Included extra file "/etc/supervisor/conf.d/supervisord.conf" during parsing
2018-06-02 22:23:16,352 INFO RPC interface 'supervisor' initialized
2018-06-02 22:23:16,355 CRIT Server 'unix_http_server' running without any HTTP authentication checking
2018-06-02 22:23:16,356 INFO supervisord started with pid 1
2018-06-02 22:23:17,362 INFO spawned: 'varnishd' with pid 28
2018-06-02 22:23:17,372 INFO spawned: 'php-fpm' with pid 29
2018-06-02 22:23:17,378 INFO spawned: 'varnish-plugins-watcher' with pid 30
2018-06-02 22:23:17,387 INFO spawned: 'nginx' with pid 31
2018-06-02 22:23:17,397 INFO spawned: 'MailHog' with pid 32
2018-06-02 22:23:17,408 INFO spawned: 'mysql' with pid 33
2018-06-02 22:23:17,436 INFO spawned: 'varnish-themes-watcher' with pid 36
2018-06-02 22:23:18,713 INFO success: varnishd entered RUNNING state, process has stayed up for > than 1 seconds (startsecs)
2018-06-02 22:23:18,713 INFO success: php-fpm entered RUNNING state, process has stayed up for > than 1 seconds (startsecs)
2018-06-02 22:23:18,714 INFO success: varnish-plugins-watcher entered RUNNING state, process has stayed up for > than 1 seconds (startsecs)
2018-06-02 22:23:18,714 INFO success: nginx entered RUNNING state, process has stayed up for > than 1 seconds (startsecs)
2018-06-02 22:23:18,714 INFO success: MailHog entered RUNNING state, process has stayed up for > than 1 seconds (startsecs)
2018-06-02 22:23:18,714 INFO success: mysql entered RUNNING state, process has stayed up for > than 1 seconds (startsecs)
2018-06-02 22:23:18,714 INFO success: varnish-themes-watcher entered RUNNING state, process has stayed up for > than 1 seconds (startsecs)
2018-06-03 00:19:40,929 WARN received SIGTERM indicating exit request
2018-06-03 00:19:40,929 INFO waiting for varnishd, php-fpm, varnish-plugins-watcher, nginx, MailHog, mysql, varnish-themes-watcher to die
2018-06-03 00:19:41,932 INFO stopped: varnish-themes-watcher (terminated by SIGTERM)
2018-06-03 00:19:41,939 INFO stopped: mysql (exit status 0)
2018-06-03 00:19:41,942 INFO stopped: MailHog (terminated by SIGTERM)
2018-06-03 00:19:42,117 INFO stopped: nginx (exit status 0)
2018-06-03 00:19:43,120 INFO stopped: varnish-plugins-watcher (terminated by SIGTERM)
2018-06-03 00:19:43,193 INFO stopped: php-fpm (exit status 0)
2018-06-03 00:19:43,824 CRIT reaped unknown pid 43)
2018-06-03 00:19:44,203 INFO waiting for varnishd to die
2018-06-03 00:19:44,288 INFO stopped: varnishd (exit status 0)
2018-06-03 00:19:55,891 CRIT Supervisor running as root (no user in config file)
2018-06-03 00:19:55,893 WARN Included extra file "/etc/supervisor/conf.d/supervisord.conf" during parsing
2018-06-03 00:19:56,051 INFO RPC interface 'supervisor' initialized
2018-06-03 00:19:56,053 CRIT Server 'unix_http_server' running without any HTTP authentication checking
2018-06-03 00:19:56,054 INFO supervisord started with pid 1
2018-06-03 00:19:57,060 INFO spawned: 'varnishd' with pid 29
2018-06-03 00:19:57,071 INFO spawned: 'php-fpm' with pid 30
2018-06-03 00:19:57,077 INFO spawned: 'varnish-plugins-watcher' with pid 31
2018-06-03 00:19:57,087 INFO spawned: 'nginx' with pid 32
2018-06-03 00:19:57,098 INFO spawned: 'MailHog' with pid 33
2018-06-03 00:19:57,110 INFO spawned: 'mysql' with pid 34
2018-06-03 00:19:57,117 INFO spawned: 'varnish-themes-watcher' with pid 35
2018-06-03 00:19:58,335 INFO success: varnishd entered RUNNING state, process has stayed up for > than 1 seconds (startsecs)
2018-06-03 00:19:58,336 INFO success: php-fpm entered RUNNING state, process has stayed up for > than 1 seconds (startsecs)
2018-06-03 00:19:58,337 INFO success: varnish-plugins-watcher entered RUNNING state, process has stayed up for > than 1 seconds (startsecs)
2018-06-03 00:19:58,337 INFO success: nginx entered RUNNING state, process has stayed up for > than 1 seconds (startsecs)
2018-06-03 00:19:58,338 INFO success: MailHog entered RUNNING state, process has stayed up for > than 1 seconds (startsecs)
2018-06-03 00:19:58,338 INFO success: mysql entered RUNNING state, process has stayed up for > than 1 seconds (startsecs)
2018-06-03 00:19:58,338 INFO success: varnish-themes-watcher entered RUNNING state, process has stayed up for > than 1 seconds (startsecs)
2018-06-03 00:31:33,792 WARN received SIGTERM indicating exit request
2018-06-03 00:31:33,794 INFO waiting for varnishd, php-fpm, varnish-plugins-watcher, nginx, MailHog, mysql, varnish-themes-watcher to die
2018-06-03 00:31:34,797 INFO stopped: varnish-themes-watcher (terminated by SIGTERM)
2018-06-03 00:31:34,811 INFO stopped: mysql (exit status 0)
2018-06-03 00:31:34,815 INFO stopped: MailHog (terminated by SIGTERM)
2018-06-03 00:31:34,835 INFO stopped: nginx (exit status 0)
2018-06-03 00:31:35,840 INFO stopped: varnish-plugins-watcher (terminated by SIGTERM)
2018-06-03 00:31:35,883 INFO stopped: php-fpm (exit status 0)
2018-06-03 00:31:36,223 CRIT reaped unknown pid 44)
2018-06-03 00:31:36,893 INFO waiting for varnishd to die
2018-06-03 00:31:37,105 INFO stopped: varnishd (exit status 0)
2018-06-03 00:31:40,729 CRIT Supervisor running as root (no user in config file)
2018-06-03 00:31:40,730 WARN Included extra file "/etc/supervisor/conf.d/supervisord.conf" during parsing
2018-06-03 00:31:40,973 INFO RPC interface 'supervisor' initialized
2018-06-03 00:31:40,992 CRIT Server 'unix_http_server' running without any HTTP authentication checking
2018-06-03 00:31:40,992 INFO supervisord started with pid 1
2018-06-03 00:31:41,998 INFO spawned: 'varnishd' with pid 28
2018-06-03 00:31:42,007 INFO spawned: 'php-fpm' with pid 29
2018-06-03 00:31:42,014 INFO spawned: 'varnish-plugins-watcher' with pid 30
2018-06-03 00:31:42,023 INFO spawned: 'nginx' with pid 31
2018-06-03 00:31:42,073 INFO spawned: 'MailHog' with pid 32
2018-06-03 00:31:42,089 INFO spawned: 'mysql' with pid 36
2018-06-03 00:31:42,096 INFO spawned: 'varnish-themes-watcher' with pid 37
2018-06-03 00:31:43,494 INFO success: varnishd entered RUNNING state, process has stayed up for > than 1 seconds (startsecs)
2018-06-03 00:31:43,495 INFO success: php-fpm entered RUNNING state, process has stayed up for > than 1 seconds (startsecs)
2018-06-03 00:31:43,496 INFO success: varnish-plugins-watcher entered RUNNING state, process has stayed up for > than 1 seconds (startsecs)
2018-06-03 00:31:43,497 INFO success: nginx entered RUNNING state, process has stayed up for > than 1 seconds (startsecs)
2018-06-03 00:31:43,498 INFO success: MailHog entered RUNNING state, process has stayed up for > than 1 seconds (startsecs)
2018-06-03 00:31:43,499 INFO success: mysql entered RUNNING state, process has stayed up for > than 1 seconds (startsecs)
2018-06-03 00:31:43,500 INFO success: varnish-themes-watcher entered RUNNING state, process has stayed up for > than 1 seconds (startsecs)
2018-06-04 22:23:02,870 CRIT Supervisor running as root (no user in config file)
2018-06-04 22:23:02,893 WARN Included extra file "/etc/supervisor/conf.d/supervisord.conf" during parsing
2018-06-04 22:23:03,390 INFO RPC interface 'supervisor' initialized
2018-06-04 22:23:03,416 CRIT Server 'unix_http_server' running without any HTTP authentication checking
2018-06-04 22:23:03,421 INFO supervisord started with pid 1
2018-06-04 22:23:04,431 INFO spawned: 'varnishd' with pid 28
2018-06-04 22:23:04,441 INFO spawned: 'php-fpm' with pid 29
2018-06-04 22:23:04,448 INFO spawned: 'varnish-plugins-watcher' with pid 30
2018-06-04 22:23:04,458 INFO spawned: 'nginx' with pid 31
2018-06-04 22:23:04,466 INFO spawned: 'MailHog' with pid 32
2018-06-04 22:23:04,475 INFO spawned: 'mysql' with pid 33
2018-06-04 22:23:04,481 INFO spawned: 'varnish-themes-watcher' with pid 34
2018-06-04 22:23:05,927 INFO success: varnishd entered RUNNING state, process has stayed up for > than 1 seconds (startsecs)
2018-06-04 22:23:05,929 INFO success: php-fpm entered RUNNING state, process has stayed up for > than 1 seconds (startsecs)
2018-06-04 22:23:05,929 INFO success: varnish-plugins-watcher entered RUNNING state, process has stayed up for > than 1 seconds (startsecs)
2018-06-04 22:23:05,930 INFO success: nginx entered RUNNING state, process has stayed up for > than 1 seconds (startsecs)
2018-06-04 22:23:05,931 INFO success: MailHog entered RUNNING state, process has stayed up for > than 1 seconds (startsecs)
2018-06-04 22:23:05,932 INFO success: mysql entered RUNNING state, process has stayed up for > than 1 seconds (startsecs)
2018-06-04 22:23:05,932 INFO success: varnish-themes-watcher entered RUNNING state, process has stayed up for > than 1 seconds (startsecs)
2018-06-04 22:44:02,913 WARN received SIGTERM indicating exit request
2018-06-04 22:44:02,914 INFO waiting for varnishd, php-fpm, varnish-plugins-watcher, nginx, MailHog, mysql, varnish-themes-watcher to die
2018-06-04 22:44:03,916 INFO stopped: varnish-themes-watcher (terminated by SIGTERM)
2018-06-04 22:44:03,937 INFO stopped: mysql (exit status 0)
2018-06-04 22:44:03,946 INFO stopped: MailHog (terminated by SIGTERM)
2018-06-04 22:44:04,002 INFO stopped: nginx (exit status 0)
2018-06-04 22:44:05,006 INFO stopped: varnish-plugins-watcher (terminated by SIGTERM)
2018-06-04 22:44:05,072 INFO stopped: php-fpm (exit status 0)
2018-06-04 22:44:05,760 CRIT reaped unknown pid 43)
2018-06-04 22:44:06,084 INFO waiting for varnishd to die
2018-06-04 22:44:06,169 INFO stopped: varnishd (exit status 0)
2018-06-04 22:44:15,416 CRIT Supervisor running as root (no user in config file)
2018-06-04 22:44:15,417 WARN Included extra file "/etc/supervisor/conf.d/supervisord.conf" during parsing
2018-06-04 22:44:15,615 INFO RPC interface 'supervisor' initialized
2018-06-04 22:44:15,617 CRIT Server 'unix_http_server' running without any HTTP authentication checking
2018-06-04 22:44:15,618 INFO supervisord started with pid 1
2018-06-04 22:44:16,623 INFO spawned: 'varnishd' with pid 29
2018-06-04 22:44:16,633 INFO spawned: 'php-fpm' with pid 30
2018-06-04 22:44:16,639 INFO spawned: 'varnish-plugins-watcher' with pid 31
2018-06-04 22:44:16,649 INFO spawned: 'nginx' with pid 32
2018-06-04 22:44:16,659 INFO spawned: 'MailHog' with pid 33
2018-06-04 22:44:16,667 INFO spawned: 'mysql' with pid 34
2018-06-04 22:44:16,673 INFO spawned: 'varnish-themes-watcher' with pid 35
2018-06-04 22:44:17,929 INFO success: varnishd entered RUNNING state, process has stayed up for > than 1 seconds (startsecs)
2018-06-04 22:44:17,930 INFO success: php-fpm entered RUNNING state, process has stayed up for > than 1 seconds (startsecs)
2018-06-04 22:44:17,931 INFO success: varnish-plugins-watcher entered RUNNING state, process has stayed up for > than 1 seconds (startsecs)
2018-06-04 22:44:17,932 INFO success: nginx entered RUNNING state, process has stayed up for > than 1 seconds (startsecs)
2018-06-04 22:44:17,933 INFO success: MailHog entered RUNNING state, process has stayed up for > than 1 seconds (startsecs)
2018-06-04 22:44:17,934 INFO success: mysql entered RUNNING state, process has stayed up for > than 1 seconds (startsecs)
2018-06-04 22:44:17,935 INFO success: varnish-themes-watcher entered RUNNING state, process has stayed up for > than 1 seconds (startsecs)
2018-06-04 23:21:15,729 WARN received SIGTERM indicating exit request
2018-06-04 23:21:15,730 INFO waiting for varnishd, php-fpm, varnish-plugins-watcher, nginx, MailHog, mysql, varnish-themes-watcher to die
2018-06-04 23:21:16,729 INFO stopped: varnish-themes-watcher (terminated by SIGTERM)
2018-06-04 23:21:16,737 INFO stopped: mysql (exit status 0)
2018-06-04 23:21:16,743 INFO stopped: MailHog (terminated by SIGTERM)
2018-06-04 23:21:16,749 INFO stopped: nginx (exit status 0)
2018-06-04 23:21:17,752 INFO stopped: varnish-plugins-watcher (terminated by SIGTERM)
2018-06-04 23:21:17,783 INFO stopped: php-fpm (exit status 0)
2018-06-04 23:21:18,337 CRIT reaped unknown pid 44)
2018-06-04 23:21:18,796 INFO waiting for varnishd to die
2018-06-04 23:21:18,888 INFO stopped: varnishd (exit status 0)
2018-06-04 23:21:22,660 CRIT Supervisor running as root (no user in config file)
2018-06-04 23:21:22,660 WARN Included extra file "/etc/supervisor/conf.d/supervisord.conf" during parsing
2018-06-04 23:21:22,815 INFO RPC interface 'supervisor' initialized
2018-06-04 23:21:22,817 CRIT Server 'unix_http_server' running without any HTTP authentication checking
2018-06-04 23:21:22,820 INFO supervisord started with pid 1
2018-06-04 23:21:23,829 INFO spawned: 'varnishd' with pid 28
2018-06-04 23:21:23,842 INFO spawned: 'php-fpm' with pid 29
2018-06-04 23:21:23,851 INFO spawned: 'varnish-plugins-watcher' with pid 30
2018-06-04 23:21:23,873 INFO spawned: 'nginx' with pid 31
2018-06-04 23:21:23,888 INFO spawned: 'MailHog' with pid 32
2018-06-04 23:21:23,935 INFO spawned: 'mysql' with pid 34
2018-06-04 23:21:23,966 INFO spawned: 'varnish-themes-watcher' with pid 35
2018-06-04 23:21:25,271 INFO success: varnishd entered RUNNING state, process has stayed up for > than 1 seconds (startsecs)
2018-06-04 23:21:25,272 INFO success: php-fpm entered RUNNING state, process has stayed up for > than 1 seconds (startsecs)
2018-06-04 23:21:25,273 INFO success: varnish-plugins-watcher entered RUNNING state, process has stayed up for > than 1 seconds (startsecs)
2018-06-04 23:21:25,273 INFO success: nginx entered RUNNING state, process has stayed up for > than 1 seconds (startsecs)
2018-06-04 23:21:25,274 INFO success: MailHog entered RUNNING state, process has stayed up for > than 1 seconds (startsecs)
2018-06-04 23:21:25,274 INFO success: mysql entered RUNNING state, process has stayed up for > than 1 seconds (startsecs)
2018-06-04 23:21:25,274 INFO success: varnish-themes-watcher entered RUNNING state, process has stayed up for > than 1 seconds (startsecs)
2018-06-05 00:34:11,593 WARN received SIGTERM indicating exit request
2018-06-05 00:34:11,594 INFO waiting for varnishd, php-fpm, varnish-plugins-watcher, nginx, MailHog, mysql, varnish-themes-watcher to die
2018-06-05 00:34:12,597 INFO stopped: varnish-themes-watcher (terminated by SIGTERM)
2018-06-05 00:34:12,608 INFO stopped: mysql (exit status 0)
2018-06-05 00:34:12,611 INFO stopped: MailHog (terminated by SIGTERM)
2018-06-05 00:34:12,618 INFO stopped: nginx (exit status 0)
2018-06-05 00:34:13,621 INFO stopped: varnish-plugins-watcher (terminated by SIGTERM)
2018-06-05 00:34:13,636 INFO stopped: php-fpm (exit status 0)
2018-06-05 00:34:14,137 CRIT reaped unknown pid 43)
2018-06-05 00:34:14,645 INFO waiting for varnishd to die
2018-06-05 00:34:15,469 INFO stopped: varnishd (exit status 0)
2018-06-05 00:34:20,658 CRIT Supervisor running as root (no user in config file)
2018-06-05 00:34:20,659 WARN Included extra file "/etc/supervisor/conf.d/supervisord.conf" during parsing
2018-06-05 00:34:20,851 INFO RPC interface 'supervisor' initialized
2018-06-05 00:34:20,866 CRIT Server 'unix_http_server' running without any HTTP authentication checking
2018-06-05 00:34:20,869 INFO supervisord started with pid 1
2018-06-05 00:34:21,921 INFO spawned: 'varnishd' with pid 28
2018-06-05 00:34:22,018 INFO spawned: 'php-fpm' with pid 29
2018-06-05 00:34:22,023 INFO spawned: 'varnish-plugins-watcher' with pid 30
2018-06-05 00:34:22,033 INFO spawned: 'nginx' with pid 31
2018-06-05 00:34:22,043 INFO spawned: 'MailHog' with pid 32
2018-06-05 00:34:22,063 INFO spawned: 'mysql' with pid 33
2018-06-05 00:34:22,071 INFO spawned: 'varnish-themes-watcher' with pid 34
2018-06-05 00:34:23,295 INFO success: varnishd entered RUNNING state, process has stayed up for > than 1 seconds (startsecs)
2018-06-05 00:34:23,296 INFO success: php-fpm entered RUNNING state, process has stayed up for > than 1 seconds (startsecs)
2018-06-05 00:34:23,297 INFO success: varnish-plugins-watcher entered RUNNING state, process has stayed up for > than 1 seconds (startsecs)
2018-06-05 00:34:23,298 INFO success: nginx entered RUNNING state, process has stayed up for > than 1 seconds (startsecs)
2018-06-05 00:34:23,299 INFO success: MailHog entered RUNNING state, process has stayed up for > than 1 seconds (startsecs)
2018-06-05 00:34:23,300 INFO success: mysql entered RUNNING state, process has stayed up for > than 1 seconds (startsecs)
2018-06-05 00:34:23,301 INFO success: varnish-themes-watcher entered RUNNING state, process has stayed up for > than 1 seconds (startsecs)
2018-06-05 00:46:55,103 WARN received SIGTERM indicating exit request
2018-06-05 00:46:55,105 INFO waiting for varnishd, php-fpm, varnish-plugins-watcher, nginx, MailHog, mysql, varnish-themes-watcher to die
2018-06-05 00:46:56,108 INFO stopped: varnish-themes-watcher (terminated by SIGTERM)
2018-06-05 00:46:56,124 INFO stopped: mysql (exit status 0)
2018-06-05 00:46:56,127 INFO stopped: MailHog (terminated by SIGTERM)
2018-06-05 00:46:56,159 INFO stopped: nginx (exit status 0)
2018-06-05 00:46:57,161 INFO stopped: varnish-plugins-watcher (terminated by SIGTERM)
2018-06-05 00:46:57,185 INFO stopped: php-fpm (exit status 0)
2018-06-05 00:46:58,002 CRIT reaped unknown pid 42)
2018-06-05 00:46:58,196 INFO waiting for varnishd to die
2018-06-05 00:46:58,357 INFO stopped: varnishd (exit status 0)
2018-06-05 00:46:59,960 CRIT Supervisor running as root (no user in config file)
2018-06-05 00:46:59,964 WARN Included extra file "/etc/supervisor/conf.d/supervisord.conf" during parsing
2018-06-05 00:47:00,155 INFO RPC interface 'supervisor' initialized
2018-06-05 00:47:00,159 CRIT Server 'unix_http_server' running without any HTTP authentication checking
2018-06-05 00:47:00,159 INFO supervisord started with pid 1
2018-06-05 00:47:01,166 INFO spawned: 'varnishd' with pid 28
2018-06-05 00:47:01,195 INFO spawned: 'php-fpm' with pid 29
2018-06-05 00:47:01,245 INFO spawned: 'varnish-plugins-watcher' with pid 30
2018-06-05 00:47:01,273 INFO spawned: 'nginx' with pid 31
2018-06-05 00:47:01,346 INFO spawned: 'MailHog' with pid 32
2018-06-05 00:47:01,380 INFO spawned: 'mysql' with pid 34
2018-06-05 00:47:01,407 INFO spawned: 'varnish-themes-watcher' with pid 35
2018-06-05 00:47:02,868 INFO success: varnishd entered RUNNING state, process has stayed up for > than 1 seconds (startsecs)
2018-06-05 00:47:02,870 INFO success: php-fpm entered RUNNING state, process has stayed up for > than 1 seconds (startsecs)
2018-06-05 00:47:02,870 INFO success: varnish-plugins-watcher entered RUNNING state, process has stayed up for > than 1 seconds (startsecs)
2018-06-05 00:47:02,871 INFO success: nginx entered RUNNING state, process has stayed up for > than 1 seconds (startsecs)
2018-06-05 00:47:02,872 INFO success: MailHog entered RUNNING state, process has stayed up for > than 1 seconds (startsecs)
2018-06-05 00:47:02,873 INFO success: mysql entered RUNNING state, process has stayed up for > than 1 seconds (startsecs)
2018-06-05 00:47:02,873 INFO success: varnish-themes-watcher entered RUNNING state, process has stayed up for > than 1 seconds (startsecs)
2018-06-05 01:41:56,697 WARN received SIGTERM indicating exit request
2018-06-05 01:41:56,698 INFO waiting for varnishd, php-fpm, varnish-plugins-watcher, nginx, MailHog, mysql, varnish-themes-watcher to die
2018-06-05 01:41:57,702 INFO stopped: varnish-themes-watcher (terminated by SIGTERM)
2018-06-05 01:41:57,711 INFO stopped: mysql (exit status 0)
2018-06-05 01:41:57,714 INFO stopped: MailHog (terminated by SIGTERM)
2018-06-05 01:41:57,743 INFO stopped: nginx (exit status 0)
2018-06-05 01:41:58,746 INFO stopped: varnish-plugins-watcher (terminated by SIGTERM)
2018-06-05 01:41:58,790 INFO stopped: php-fpm (exit status 0)
2018-06-05 01:41:59,015 CRIT reaped unknown pid 43)
2018-06-05 01:41:59,804 INFO waiting for varnishd to die
2018-06-05 01:41:59,891 INFO stopped: varnishd (exit status 0)
2018-06-05 01:42:02,060 CRIT Supervisor running as root (no user in config file)
2018-06-05 01:42:02,061 WARN Included extra file "/etc/supervisor/conf.d/supervisord.conf" during parsing
2018-06-05 01:42:02,277 INFO RPC interface 'supervisor' initialized
2018-06-05 01:42:02,279 CRIT Server 'unix_http_server' running without any HTTP authentication checking
2018-06-05 01:42:02,281 INFO supervisord started with pid 1
2018-06-05 01:42:03,287 INFO spawned: 'varnishd' with pid 29
2018-06-05 01:42:03,297 INFO spawned: 'php-fpm' with pid 30
2018-06-05 01:42:03,303 INFO spawned: 'varnish-plugins-watcher' with pid 31
2018-06-05 01:42:03,312 INFO spawned: 'nginx' with pid 32
2018-06-05 01:42:03,321 INFO spawned: 'MailHog' with pid 33
2018-06-05 01:42:03,329 INFO spawned: 'mysql' with pid 34
2018-06-05 01:42:03,334 INFO spawned: 'varnish-themes-watcher' with pid 35
2018-06-05 01:42:04,555 INFO success: varnishd entered RUNNING state, process has stayed up for > than 1 seconds (startsecs)
2018-06-05 01:42:04,556 INFO success: php-fpm entered RUNNING state, process has stayed up for > than 1 seconds (startsecs)
2018-06-05 01:42:04,557 INFO success: varnish-plugins-watcher entered RUNNING state, process has stayed up for > than 1 seconds (startsecs)
2018-06-05 01:42:04,559 INFO success: nginx entered RUNNING state, process has stayed up for > than 1 seconds (startsecs)
2018-06-05 01:42:04,559 INFO success: MailHog entered RUNNING state, process has stayed up for > than 1 seconds (startsecs)
2018-06-05 01:42:04,560 INFO success: mysql entered RUNNING state, process has stayed up for > than 1 seconds (startsecs)
2018-06-05 01:42:04,561 INFO success: varnish-themes-watcher entered RUNNING state, process has stayed up for > than 1 seconds (startsecs)
2018-06-05 02:41:43,040 WARN received SIGTERM indicating exit request
2018-06-05 02:41:43,044 INFO waiting for varnishd, php-fpm, varnish-plugins-watcher, nginx, MailHog, mysql, varnish-themes-watcher to die
2018-06-05 02:41:44,047 INFO stopped: varnish-themes-watcher (terminated by SIGTERM)
2018-06-05 02:41:44,063 INFO stopped: mysql (exit status 0)
2018-06-05 02:41:44,070 INFO stopped: MailHog (terminated by SIGTERM)
2018-06-05 02:41:44,082 INFO stopped: nginx (exit status 0)
2018-06-05 02:41:45,084 INFO stopped: varnish-plugins-watcher (terminated by SIGTERM)
2018-06-05 02:41:45,107 INFO stopped: php-fpm (exit status 0)
2018-06-05 02:41:45,561 CRIT reaped unknown pid 44)
2018-06-05 02:41:46,114 INFO waiting for varnishd to die
2018-06-05 02:41:46,241 INFO stopped: varnishd (exit status 0)
2018-06-05 02:41:50,433 CRIT Supervisor running as root (no user in config file)
2018-06-05 02:41:50,439 WARN Included extra file "/etc/supervisor/conf.d/supervisord.conf" during parsing
2018-06-05 02:41:50,619 INFO RPC interface 'supervisor' initialized
2018-06-05 02:41:50,620 CRIT Server 'unix_http_server' running without any HTTP authentication checking
2018-06-05 02:41:50,621 INFO supervisord started with pid 1
2018-06-05 02:41:51,626 INFO spawned: 'varnishd' with pid 28
2018-06-05 02:41:51,636 INFO spawned: 'php-fpm' with pid 29
2018-06-05 02:41:51,641 INFO spawned: 'varnish-plugins-watcher' with pid 30
2018-06-05 02:41:51,671 INFO spawned: 'nginx' with pid 31
2018-06-05 02:41:51,689 INFO spawned: 'MailHog' with pid 32
2018-06-05 02:41:51,701 INFO spawned: 'mysql' with pid 33
2018-06-05 02:41:51,740 INFO spawned: 'varnish-themes-watcher' with pid 37
2018-06-05 02:41:53,163 INFO success: varnishd entered RUNNING state, process has stayed up for > than 1 seconds (startsecs)
2018-06-05 02:41:53,163 INFO success: php-fpm entered RUNNING state, process has stayed up for > than 1 seconds (startsecs)
2018-06-05 02:41:53,164 INFO success: varnish-plugins-watcher entered RUNNING state, process has stayed up for > than 1 seconds (startsecs)
2018-06-05 02:41:53,165 INFO success: nginx entered RUNNING state, process has stayed up for > than 1 seconds (startsecs)
2018-06-05 02:41:53,165 INFO success: MailHog entered RUNNING state, process has stayed up for > than 1 seconds (startsecs)
2018-06-05 02:41:53,165 INFO success: mysql entered RUNNING state, process has stayed up for > than 1 seconds (startsecs)
2018-06-05 02:41:53,165 INFO success: varnish-themes-watcher entered RUNNING state, process has stayed up for > than 1 seconds (startsecs)
2018-06-05 05:00:04,002 CRIT Supervisor running as root (no user in config file)
2018-06-05 05:00:04,030 WARN Included extra file "/etc/supervisor/conf.d/supervisord.conf" during parsing
2018-06-05 05:00:04,233 INFO RPC interface 'supervisor' initialized
2018-06-05 05:00:04,245 CRIT Server 'unix_http_server' running without any HTTP authentication checking
2018-06-05 05:00:04,249 INFO supervisord started with pid 1
2018-06-05 05:00:05,432 INFO spawned: 'varnishd' with pid 29
2018-06-05 05:00:05,470 INFO spawned: 'php-fpm' with pid 30
2018-06-05 05:00:05,477 INFO spawned: 'varnish-plugins-watcher' with pid 31
2018-06-05 05:00:05,488 INFO spawned: 'nginx' with pid 32
2018-06-05 05:00:05,506 INFO spawned: 'MailHog' with pid 33
2018-06-05 05:00:05,527 INFO spawned: 'mysql' with pid 34
2018-06-05 05:00:05,533 INFO spawned: 'varnish-themes-watcher' with pid 35
2018-06-05 05:00:06,812 INFO success: varnishd entered RUNNING state, process has stayed up for > than 1 seconds (startsecs)
2018-06-05 05:00:06,813 INFO success: php-fpm entered RUNNING state, process has stayed up for > than 1 seconds (startsecs)
2018-06-05 05:00:06,814 INFO success: varnish-plugins-watcher entered RUNNING state, process has stayed up for > than 1 seconds (startsecs)
2018-06-05 05:00:06,816 INFO success: nginx entered RUNNING state, process has stayed up for > than 1 seconds (startsecs)
2018-06-05 05:00:06,817 INFO success: MailHog entered RUNNING state, process has stayed up for > than 1 seconds (startsecs)
2018-06-05 05:00:06,818 INFO success: mysql entered RUNNING state, process has stayed up for > than 1 seconds (startsecs)
2018-06-05 05:00:06,821 INFO success: varnish-themes-watcher entered RUNNING state, process has stayed up for > than 1 seconds (startsecs)
2018-06-05 23:05:33,092 CRIT Supervisor running as root (no user in config file)
2018-06-05 23:05:33,120 WARN Included extra file "/etc/supervisor/conf.d/supervisord.conf" during parsing
2018-06-05 23:05:33,417 INFO RPC interface 'supervisor' initialized
2018-06-05 23:05:33,421 CRIT Server 'unix_http_server' running without any HTTP authentication checking
2018-06-05 23:05:33,422 INFO supervisord started with pid 1
2018-06-05 23:05:34,428 INFO spawned: 'varnishd' with pid 29
2018-06-05 23:05:34,436 INFO spawned: 'php-fpm' with pid 30
2018-06-05 23:05:34,442 INFO spawned: 'varnish-plugins-watcher' with pid 31
2018-06-05 23:05:34,451 INFO spawned: 'nginx' with pid 32
2018-06-05 23:05:34,460 INFO spawned: 'MailHog' with pid 33
2018-06-05 23:05:34,470 INFO spawned: 'mysql' with pid 34
2018-06-05 23:05:34,476 INFO spawned: 'varnish-themes-watcher' with pid 35
2018-06-05 23:05:35,734 INFO success: varnishd entered RUNNING state, process has stayed up for > than 1 seconds (startsecs)
2018-06-05 23:05:35,735 INFO success: php-fpm entered RUNNING state, process has stayed up for > than 1 seconds (startsecs)
2018-06-05 23:05:35,736 INFO success: varnish-plugins-watcher entered RUNNING state, process has stayed up for > than 1 seconds (startsecs)
2018-06-05 23:05:35,737 INFO success: nginx entered RUNNING state, process has stayed up for > than 1 seconds (startsecs)
2018-06-05 23:05:35,738 INFO success: MailHog entered RUNNING state, process has stayed up for > than 1 seconds (startsecs)
2018-06-05 23:05:35,739 INFO success: mysql entered RUNNING state, process has stayed up for > than 1 seconds (startsecs)
2018-06-05 23:05:35,740 INFO success: varnish-themes-watcher entered RUNNING state, process has stayed up for > than 1 seconds (startsecs)
2018-06-05 23:50:00,182 WARN received SIGTERM indicating exit request
2018-06-05 23:50:00,183 INFO waiting for varnishd, php-fpm, varnish-plugins-watcher, nginx, MailHog, mysql, varnish-themes-watcher to die
2018-06-05 23:50:01,185 INFO stopped: varnish-themes-watcher (terminated by SIGTERM)
2018-06-05 23:50:01,194 INFO stopped: mysql (exit status 0)
2018-06-05 23:50:01,197 INFO stopped: MailHog (terminated by SIGTERM)
2018-06-05 23:50:01,323 INFO stopped: nginx (exit status 0)
2018-06-05 23:50:02,331 INFO stopped: varnish-plugins-watcher (terminated by SIGTERM)
2018-06-05 23:50:02,376 INFO stopped: php-fpm (exit status 0)
2018-06-05 23:50:03,466 CRIT reaped unknown pid 44)
2018-06-05 23:50:03,467 INFO waiting for varnishd to die
2018-06-05 23:50:03,576 INFO stopped: varnishd (exit status 0)
2018-06-05 23:50:10,642 CRIT Supervisor running as root (no user in config file)
2018-06-05 23:50:10,646 WARN Included extra file "/etc/supervisor/conf.d/supervisord.conf" during parsing
2018-06-05 23:50:11,094 INFO RPC interface 'supervisor' initialized
2018-06-05 23:50:11,096 CRIT Server 'unix_http_server' running without any HTTP authentication checking
2018-06-05 23:50:11,109 INFO supervisord started with pid 1
2018-06-05 23:50:12,148 INFO spawned: 'varnishd' with pid 28
2018-06-05 23:50:12,157 INFO spawned: 'php-fpm' with pid 29
2018-06-05 23:50:12,169 INFO spawned: 'varnish-plugins-watcher' with pid 30
2018-06-05 23:50:12,192 INFO spawned: 'nginx' with pid 31
2018-06-05 23:50:12,203 INFO spawned: 'MailHog' with pid 32
2018-06-05 23:50:12,252 INFO spawned: 'mysql' with pid 37
2018-06-05 23:50:12,259 INFO spawned: 'varnish-themes-watcher' with pid 38
2018-06-05 23:50:13,251 INFO success: varnishd entered RUNNING state, process has stayed up for > than 1 seconds (startsecs)
2018-06-05 23:50:13,251 INFO success: php-fpm entered RUNNING state, process has stayed up for > than 1 seconds (startsecs)
2018-06-05 23:50:13,252 INFO success: varnish-plugins-watcher entered RUNNING state, process has stayed up for > than 1 seconds (startsecs)
2018-06-05 23:50:13,252 INFO success: nginx entered RUNNING state, process has stayed up for > than 1 seconds (startsecs)
2018-06-05 23:50:13,252 INFO success: MailHog entered RUNNING state, process has stayed up for > than 1 seconds (startsecs)
2018-06-05 23:50:13,253 INFO success: mysql entered RUNNING state, process has stayed up for > than 1 seconds (startsecs)
2018-06-05 23:50:13,256 INFO success: varnish-themes-watcher entered RUNNING state, process has stayed up for > than 1 seconds (startsecs)
