[24-May-2018 21:21:40] NOTICE: fpm is running, pid 14
[24-May-2018 21:21:40] NOTICE: ready to handle connections
[24-May-2018 22:33:59] NOTICE: Terminating ...
[24-May-2018 22:33:59] NOTICE: exiting, bye-bye!
[24-May-2018 22:34:09] NOTICE: fpm is running, pid 29
[24-May-2018 22:34:09] NOTICE: ready to handle connections
[24-May-2018 23:10:46] NOTICE: Terminating ...
[24-May-2018 23:10:46] NOTICE: exiting, bye-bye!
[24-May-2018 23:10:54] NOTICE: fpm is running, pid 29
[24-May-2018 23:10:54] NOTICE: ready to handle connections
[28-May-2018 01:24:39] NOTICE: Terminating ...
[28-May-2018 01:24:39] NOTICE: exiting, bye-bye!
[28-May-2018 01:24:51] NOTICE: fpm is running, pid 29
[28-May-2018 01:24:51] NOTICE: ready to handle connections
[28-May-2018 02:22:08] NOTICE: Terminating ...
[28-May-2018 02:22:08] NOTICE: exiting, bye-bye!
[28-May-2018 02:22:15] NOTICE: fpm is running, pid 29
[28-May-2018 02:22:15] NOTICE: ready to handle connections
[28-May-2018 03:00:36] NOTICE: Terminating ...
[28-May-2018 03:00:36] NOTICE: exiting, bye-bye!
[28-May-2018 03:02:25] NOTICE: fpm is running, pid 49
[28-May-2018 03:02:25] NOTICE: ready to handle connections
[28-May-2018 03:45:01] NOTICE: Terminating ...
[28-May-2018 03:45:02] NOTICE: exiting, bye-bye!
[28-May-2018 03:45:16] NOTICE: fpm is running, pid 29
[28-May-2018 03:45:16] NOTICE: ready to handle connections
[28-May-2018 23:05:52] NOTICE: fpm is running, pid 8
[28-May-2018 23:05:52] NOTICE: ready to handle connections
[28-May-2018 23:36:09] NOTICE: Terminating ...
[28-May-2018 23:36:09] NOTICE: exiting, bye-bye!
[28-May-2018 23:36:15] NOTICE: fpm is running, pid 29
[28-May-2018 23:36:15] NOTICE: ready to handle connections
[28-May-2018 23:58:23] NOTICE: Terminating ...
[28-May-2018 23:58:23] NOTICE: exiting, bye-bye!
[28-May-2018 23:58:29] NOTICE: fpm is running, pid 29
[28-May-2018 23:58:29] NOTICE: ready to handle connections
[29-May-2018 00:36:49] NOTICE: Terminating ...
[29-May-2018 00:36:49] NOTICE: exiting, bye-bye!
[29-May-2018 00:36:54] NOTICE: fpm is running, pid 29
[29-May-2018 00:36:54] NOTICE: ready to handle connections
[29-May-2018 18:49:27] NOTICE: Terminating ...
[29-May-2018 18:49:27] NOTICE: exiting, bye-bye!
[29-May-2018 18:49:35] NOTICE: fpm is running, pid 30
[29-May-2018 18:49:35] NOTICE: ready to handle connections
[29-May-2018 19:35:32] NOTICE: Terminating ...
[29-May-2018 19:35:32] NOTICE: exiting, bye-bye!
[29-May-2018 19:35:36] NOTICE: fpm is running, pid 30
[29-May-2018 19:35:36] NOTICE: ready to handle connections
[29-May-2018 19:37:49] NOTICE: Terminating ...
[29-May-2018 19:37:49] NOTICE: exiting, bye-bye!
[29-May-2018 19:37:54] NOTICE: fpm is running, pid 30
[29-May-2018 19:37:54] NOTICE: ready to handle connections
[29-May-2018 20:37:33] NOTICE: Terminating ...
[29-May-2018 20:37:33] NOTICE: exiting, bye-bye!
[29-May-2018 20:37:37] NOTICE: fpm is running, pid 30
[29-May-2018 20:37:37] NOTICE: ready to handle connections
[29-May-2018 21:40:23] NOTICE: Terminating ...
[29-May-2018 21:40:23] NOTICE: exiting, bye-bye!
[29-May-2018 21:40:29] NOTICE: fpm is running, pid 29
[29-May-2018 21:40:29] NOTICE: ready to handle connections
[30-May-2018 20:58:48] NOTICE: fpm is running, pid 30
[30-May-2018 20:58:48] NOTICE: ready to handle connections
[30-May-2018 21:09:01] NOTICE: Terminating ...
[30-May-2018 21:09:01] NOTICE: exiting, bye-bye!
[30-May-2018 21:09:05] NOTICE: fpm is running, pid 29
[30-May-2018 21:09:05] NOTICE: ready to handle connections
[30-May-2018 22:32:35] NOTICE: Terminating ...
[30-May-2018 22:32:35] NOTICE: exiting, bye-bye!
[30-May-2018 22:32:50] NOTICE: fpm is running, pid 34
[30-May-2018 22:32:50] NOTICE: ready to handle connections
[30-May-2018 23:12:10] NOTICE: Terminating ...
[30-May-2018 23:12:10] NOTICE: exiting, bye-bye!
[30-May-2018 23:12:14] NOTICE: fpm is running, pid 30
[30-May-2018 23:12:14] NOTICE: ready to handle connections
[01-Jun-2018 17:53:38] NOTICE: fpm is running, pid 31
[01-Jun-2018 17:53:39] NOTICE: ready to handle connections
[01-Jun-2018 18:35:18] NOTICE: Terminating ...
[01-Jun-2018 18:35:18] NOTICE: exiting, bye-bye!
[01-Jun-2018 18:35:24] NOTICE: fpm is running, pid 25
[01-Jun-2018 18:35:24] NOTICE: ready to handle connections
[01-Jun-2018 19:31:40] NOTICE: Terminating ...
[01-Jun-2018 19:31:40] NOTICE: exiting, bye-bye!
[01-Jun-2018 19:31:49] NOTICE: fpm is running, pid 29
[01-Jun-2018 19:31:49] NOTICE: ready to handle connections
[01-Jun-2018 20:33:09] NOTICE: fpm is running, pid 29
[01-Jun-2018 20:33:09] NOTICE: ready to handle connections
[02-Jun-2018 20:55:50] NOTICE: Terminating ...
[02-Jun-2018 20:55:50] NOTICE: exiting, bye-bye!
[02-Jun-2018 20:55:58] NOTICE: fpm is running, pid 29
[02-Jun-2018 20:55:58] NOTICE: ready to handle connections
[02-Jun-2018 22:11:27] NOTICE: Terminating ...
[02-Jun-2018 22:11:27] NOTICE: exiting, bye-bye!
[02-Jun-2018 22:11:34] NOTICE: fpm is running, pid 29
[02-Jun-2018 22:11:34] NOTICE: ready to handle connections
[02-Jun-2018 22:22:54] NOTICE: Terminating ...
[02-Jun-2018 22:22:54] NOTICE: exiting, bye-bye!
[02-Jun-2018 22:23:17] NOTICE: fpm is running, pid 29
[02-Jun-2018 22:23:17] NOTICE: ready to handle connections
[03-Jun-2018 00:19:43] NOTICE: Terminating ...
[03-Jun-2018 00:19:43] NOTICE: exiting, bye-bye!
[03-Jun-2018 00:19:57] NOTICE: fpm is running, pid 30
[03-Jun-2018 00:19:57] NOTICE: ready to handle connections
[03-Jun-2018 00:31:35] NOTICE: Terminating ...
[03-Jun-2018 00:31:35] NOTICE: exiting, bye-bye!
[03-Jun-2018 00:31:42] NOTICE: fpm is running, pid 29
[03-Jun-2018 00:31:42] NOTICE: ready to handle connections
[04-Jun-2018 22:23:04] NOTICE: fpm is running, pid 29
[04-Jun-2018 22:23:04] NOTICE: ready to handle connections
[04-Jun-2018 22:44:05] NOTICE: Terminating ...
[04-Jun-2018 22:44:05] NOTICE: exiting, bye-bye!
[04-Jun-2018 22:44:16] NOTICE: fpm is running, pid 30
[04-Jun-2018 22:44:16] NOTICE: ready to handle connections
[04-Jun-2018 23:21:17] NOTICE: Terminating ...
[04-Jun-2018 23:21:17] NOTICE: exiting, bye-bye!
[04-Jun-2018 23:21:24] NOTICE: fpm is running, pid 29
[04-Jun-2018 23:21:24] NOTICE: ready to handle connections
[05-Jun-2018 00:34:13] NOTICE: Terminating ...
[05-Jun-2018 00:34:13] NOTICE: exiting, bye-bye!
[05-Jun-2018 00:34:22] NOTICE: fpm is running, pid 29
[05-Jun-2018 00:34:22] NOTICE: ready to handle connections
[05-Jun-2018 00:46:57] NOTICE: Terminating ...
[05-Jun-2018 00:46:57] NOTICE: exiting, bye-bye!
[05-Jun-2018 00:47:01] NOTICE: fpm is running, pid 29
[05-Jun-2018 00:47:01] NOTICE: ready to handle connections
[05-Jun-2018 01:41:58] NOTICE: Terminating ...
[05-Jun-2018 01:41:58] NOTICE: exiting, bye-bye!
[05-Jun-2018 01:42:03] NOTICE: fpm is running, pid 30
[05-Jun-2018 01:42:03] NOTICE: ready to handle connections
[05-Jun-2018 02:41:45] NOTICE: Terminating ...
[05-Jun-2018 02:41:45] NOTICE: exiting, bye-bye!
[05-Jun-2018 02:41:51] NOTICE: fpm is running, pid 29
[05-Jun-2018 02:41:51] NOTICE: ready to handle connections
[05-Jun-2018 05:00:05] NOTICE: fpm is running, pid 30
[05-Jun-2018 05:00:05] NOTICE: ready to handle connections
[05-Jun-2018 23:05:34] NOTICE: fpm is running, pid 30
[05-Jun-2018 23:05:34] NOTICE: ready to handle connections
[05-Jun-2018 23:50:02] NOTICE: Terminating ...
[05-Jun-2018 23:50:02] NOTICE: exiting, bye-bye!
[05-Jun-2018 23:50:12] NOTICE: fpm is running, pid 29
[05-Jun-2018 23:50:12] NOTICE: ready to handle connections
[06-Jun-2018 00:48:47] NOTICE: Terminating ...
[06-Jun-2018 00:48:47] NOTICE: exiting, bye-bye!
[06-Jun-2018 00:49:04] NOTICE: fpm is running, pid 29
[06-Jun-2018 00:49:04] NOTICE: ready to handle connections
[06-Jun-2018 18:39:07] NOTICE: fpm is running, pid 29
[06-Jun-2018 18:39:07] NOTICE: ready to handle connections
